mode: set
github.com/QuantumNous/new-api/model/ability.go:31.70,39.2 3 0
github.com/QuantumNous/new-api/model/ability.go:41.51,46.2 3 0
github.com/QuantumNous/new-api/model/ability.go:48.34,53.2 3 0
github.com/QuantumNous/new-api/model/ability.go:55.40,59.2 3 0
github.com/QuantumNous/new-api/model/ability.go:61.70,70.16 3 0
github.com/QuantumNous/new-api/model/ability.go:70.16,73.3 1 0
github.com/QuantumNous/new-api/model/ability.go:75.2,75.26 1 0
github.com/QuantumNous/new-api/model/ability.go:75.26,78.3 1 0
github.com/QuantumNous/new-api/model/ability.go:81.2,82.30 2 0
github.com/QuantumNous/new-api/model/ability.go:82.30,85.3 1 0
github.com/QuantumNous/new-api/model/ability.go:85.8,87.3 1 0
github.com/QuantumNous/new-api/model/ability.go:88.2,88.27 1 0
github.com/QuantumNous/new-api/model/ability.go:91.79,94.16 3 0
github.com/QuantumNous/new-api/model/ability.go:94.16,96.17 2 0
github.com/QuantumNous/new-api/model/ability.go:96.17,98.4 1 0
github.com/QuantumNous/new-api/model/ability.go:98.9,100.4 1 0
github.com/QuantumNous/new-api/model/ability.go:103.2,103.26 1 0
github.com/QuantumNous/new-api/model/ability.go:106.74,111.16 4 0
github.com/QuantumNous/new-api/model/ability.go:111.16,113.3 1 0
github.com/QuantumNous/new-api/model/ability.go:114.2,114.50 1 0
github.com/QuantumNous/new-api/model/ability.go:114.50,116.3 1 0
github.com/QuantumNous/new-api/model/ability.go:116.8,118.3 1 0
github.com/QuantumNous/new-api/model/ability.go:119.2,119.16 1 0
github.com/QuantumNous/new-api/model/ability.go:119.16,121.3 1 0
github.com/QuantumNous/new-api/model/ability.go:122.2,123.24 2 0
github.com/QuantumNous/new-api/model/ability.go:123.24,126.38 2 0
github.com/QuantumNous/new-api/model/ability.go:126.38,128.4 1 0
github.com/QuantumNous/new-api/model/ability.go:130.3,131.38 2 0
github.com/QuantumNous/new-api/model/ability.go:131.38,134.19 2 0
github.com/QuantumNous/new-api/model/ability.go:134.19,136.10 2 0
github.com/QuantumNous/new-api/model/ability.go:139.8,141.3 1 0
github.com/QuantumNous/new-api/model/ability.go:142.2,143.22 2 0
github.com/QuantumNous/new-api/model/ability.go:146.57,151.32 5 0
github.com/QuantumNous/new-api/model/ability.go:151.32,152.33 1 0
github.com/QuantumNous/new-api/model/ability.go:152.33,154.44 2 0
github.com/QuantumNous/new-api/model/ability.go:154.44,155.13 1 0
github.com/QuantumNous/new-api/model/ability.go:157.4,167.42 3 0
github.com/QuantumNous/new-api/model/ability.go:170.2,170.25 1 0
github.com/QuantumNous/new-api/model/ability.go:170.25,172.3 1 0
github.com/QuantumNous/new-api/model/ability.go:174.2,175.15 2 0
github.com/QuantumNous/new-api/model/ability.go:175.15,177.3 1 0
github.com/QuantumNous/new-api/model/ability.go:178.2,178.48 1 0
github.com/QuantumNous/new-api/model/ability.go:178.48,180.17 2 0
github.com/QuantumNous/new-api/model/ability.go:180.17,182.4 1 0
github.com/QuantumNous/new-api/model/ability.go:184.2,184.12 1 0
github.com/QuantumNous/new-api/model/ability.go:187.49,189.2 1 0
github.com/QuantumNous/new-api/model/ability.go:193.60,196.15 2 0
github.com/QuantumNous/new-api/model/ability.go:196.15,198.22 2 0
github.com/QuantumNous/new-api/model/ability.go:198.22,200.4 1 0
github.com/QuantumNous/new-api/model/ability.go:201.3,202.16 2 0
github.com/QuantumNous/new-api/model/ability.go:202.16,203.32 1 0
github.com/QuantumNous/new-api/model/ability.go:203.32,205.5 1 0
github.com/QuantumNous/new-api/model/ability.go:210.2,211.16 2 0
github.com/QuantumNous/new-api/model/ability.go:211.16,212.14 1 0
github.com/QuantumNous/new-api/model/ability.go:212.14,214.4 1 0
github.com/QuantumNous/new-api/model/ability.go:215.3,215.13 1 0
github.com/QuantumNous/new-api/model/ability.go:219.2,223.32 5 0
github.com/QuantumNous/new-api/model/ability.go:223.32,224.33 1 0
github.com/QuantumNous/new-api/model/ability.go:224.33,226.44 2 0
github.com/QuantumNous/new-api/model/ability.go:226.44,227.13 1 0
github.com/QuantumNous/new-api/model/ability.go:229.4,239.42 3 0
github.com/QuantumNous/new-api/model/ability.go:243.2,243.24 1 0
github.com/QuantumNous/new-api/model/ability.go:243.24,244.49 1 0
github.com/QuantumNous/new-api/model/ability.go:244.49,246.18 2 0
github.com/QuantumNous/new-api/model/ability.go:246.18,247.16 1 0
github.com/QuantumNous/new-api/model/ability.go:247.16,249.6 1 0
github.com/QuantumNous/new-api/model/ability.go:250.5,250.15 1 0
github.com/QuantumNous/new-api/model/ability.go:256.2,256.13 1 0
github.com/QuantumNous/new-api/model/ability.go:256.13,258.3 1 0
github.com/QuantumNous/new-api/model/ability.go:260.2,260.12 1 0
github.com/QuantumNous/new-api/model/ability.go:263.60,265.2 1 0
github.com/QuantumNous/new-api/model/ability.go:267.62,269.2 1 0
github.com/QuantumNous/new-api/model/ability.go:271.90,273.19 2 0
github.com/QuantumNous/new-api/model/ability.go:273.19,275.3 1 0
github.com/QuantumNous/new-api/model/ability.go:276.2,276.21 1 0
github.com/QuantumNous/new-api/model/ability.go:276.21,278.3 1 0
github.com/QuantumNous/new-api/model/ability.go:279.2,279.19 1 0
github.com/QuantumNous/new-api/model/ability.go:279.19,281.3 1 0
github.com/QuantumNous/new-api/model/ability.go:282.2,282.74 1 0
github.com/QuantumNous/new-api/model/ability.go:287.37,289.11 2 0
github.com/QuantumNous/new-api/model/ability.go:289.11,291.3 1 0
github.com/QuantumNous/new-api/model/ability.go:292.2,295.24 2 0
github.com/QuantumNous/new-api/model/ability.go:295.24,297.17 2 0
github.com/QuantumNous/new-api/model/ability.go:297.17,300.4 2 0
github.com/QuantumNous/new-api/model/ability.go:301.8,303.17 2 0
github.com/QuantumNous/new-api/model/ability.go:303.17,306.4 2 0
github.com/QuantumNous/new-api/model/ability.go:308.2,311.16 3 0
github.com/QuantumNous/new-api/model/ability.go:311.16,313.3 1 0
github.com/QuantumNous/new-api/model/ability.go:314.2,314.24 1 0
github.com/QuantumNous/new-api/model/ability.go:314.24,316.3 1 0
github.com/QuantumNous/new-api/model/ability.go:317.2,319.47 3 0
github.com/QuantumNous/new-api/model/ability.go:319.47,320.52 1 0
github.com/QuantumNous/new-api/model/ability.go:320.52,320.67 1 0
github.com/QuantumNous/new-api/model/ability.go:322.3,323.17 2 0
github.com/QuantumNous/new-api/model/ability.go:323.17,326.12 3 0
github.com/QuantumNous/new-api/model/ability.go:329.3,329.33 1 0
github.com/QuantumNous/new-api/model/ability.go:329.33,331.18 2 0
github.com/QuantumNous/new-api/model/ability.go:331.18,334.5 2 0
github.com/QuantumNous/new-api/model/ability.go:334.10,336.5 1 0
github.com/QuantumNous/new-api/model/ability.go:339.2,340.37 2 0
github.com/QuantumNous/new-api/model/channel.go:71.52,73.2 1 0
github.com/QuantumNous/new-api/model/channel.go:76.53,79.2 2 0
github.com/QuantumNous/new-api/model/channel.go:81.44,82.23 1 0
github.com/QuantumNous/new-api/model/channel.go:82.23,84.3 1 0
github.com/QuantumNous/new-api/model/channel.go:85.2,85.27 1 0
github.com/QuantumNous/new-api/model/channel.go:85.27,87.3 1 0
github.com/QuantumNous/new-api/model/channel.go:88.2,90.37 2 0
github.com/QuantumNous/new-api/model/channel.go:90.37,92.65 2 0
github.com/QuantumNous/new-api/model/channel.go:92.65,94.26 2 0
github.com/QuantumNous/new-api/model/channel.go:94.26,96.5 1 0
github.com/QuantumNous/new-api/model/channel.go:97.4,97.14 1 0
github.com/QuantumNous/new-api/model/channel.go:101.2,102.13 2 0
github.com/QuantumNous/new-api/model/channel.go:105.79,107.37 1 0
github.com/QuantumNous/new-api/model/channel.go:107.37,109.3 1 0
github.com/QuantumNous/new-api/model/channel.go:112.2,113.20 2 0
github.com/QuantumNous/new-api/model/channel.go:113.20,116.3 1 0
github.com/QuantumNous/new-api/model/channel.go:118.2,124.33 5 0
github.com/QuantumNous/new-api/model/channel.go:124.33,125.24 1 0
github.com/QuantumNous/new-api/model/channel.go:125.24,127.4 1 0
github.com/QuantumNous/new-api/model/channel.go:128.3,128.40 1 0
github.com/QuantumNous/new-api/model/channel.go:128.40,130.4 1 0
github.com/QuantumNous/new-api/model/channel.go:131.3,131.37 1 0
github.com/QuantumNous/new-api/model/channel.go:135.2,136.22 2 0
github.com/QuantumNous/new-api/model/channel.go:136.22,137.50 1 0
github.com/QuantumNous/new-api/model/channel.go:137.50,139.4 1 0
github.com/QuantumNous/new-api/model/channel.go:144.2,144.26 1 0
github.com/QuantumNous/new-api/model/channel.go:144.26,146.3 1 0
github.com/QuantumNous/new-api/model/channel.go:148.2,148.42 1 0
github.com/QuantumNous/new-api/model/channel.go:149.35,152.45 2 0
github.com/QuantumNous/new-api/model/channel.go:153.36,157.17 2 0
github.com/QuantumNous/new-api/model/channel.go:157.17,159.4 1 0
github.com/QuantumNous/new-api/model/channel.go:161.3,161.16 1 0
github.com/QuantumNous/new-api/model/channel.go:161.16,162.27 1 0
github.com/QuantumNous/new-api/model/channel.go:162.27,164.5 1 0
github.com/QuantumNous/new-api/model/channel.go:165.4,165.34 1 0
github.com/QuantumNous/new-api/model/channel.go:165.34,167.5 1 0
github.com/QuantumNous/new-api/model/channel.go:167.11,169.5 0 0
github.com/QuantumNous/new-api/model/channel.go:172.3,173.38 2 0
github.com/QuantumNous/new-api/model/channel.go:173.38,175.4 1 0
github.com/QuantumNous/new-api/model/channel.go:176.3,176.34 1 0
github.com/QuantumNous/new-api/model/channel.go:176.34,178.53 2 0
github.com/QuantumNous/new-api/model/channel.go:178.53,182.5 2 0
github.com/QuantumNous/new-api/model/channel.go:185.3,185.49 1 0
github.com/QuantumNous/new-api/model/channel.go:186.10,188.49 1 0
github.com/QuantumNous/new-api/model/channel.go:192.49,194.2 1 0
github.com/QuantumNous/new-api/model/channel.go:196.46,197.26 1 0
github.com/QuantumNous/new-api/model/channel.go:197.26,199.3 1 0
github.com/QuantumNous/new-api/model/channel.go:200.2,200.62 1 0
github.com/QuantumNous/new-api/model/channel.go:203.46,204.25 1 0
github.com/QuantumNous/new-api/model/channel.go:204.25,206.3 1 0
github.com/QuantumNous/new-api/model/channel.go:207.2,208.31 2 0
github.com/QuantumNous/new-api/model/channel.go:208.31,210.3 1 0
github.com/QuantumNous/new-api/model/channel.go:211.2,211.15 1 0
github.com/QuantumNous/new-api/model/channel.go:214.63,216.29 2 0
github.com/QuantumNous/new-api/model/channel.go:216.29,218.17 2 0
github.com/QuantumNous/new-api/model/channel.go:218.17,220.4 1 0
github.com/QuantumNous/new-api/model/channel.go:222.2,222.18 1 0
github.com/QuantumNous/new-api/model/channel.go:225.72,227.16 2 0
github.com/QuantumNous/new-api/model/channel.go:227.16,230.3 2 0
github.com/QuantumNous/new-api/model/channel.go:231.2,231.44 1 0
github.com/QuantumNous/new-api/model/channel.go:234.41,235.24 1 0
github.com/QuantumNous/new-api/model/channel.go:235.24,237.3 1 0
github.com/QuantumNous/new-api/model/channel.go:238.2,238.21 1 0
github.com/QuantumNous/new-api/model/channel.go:241.44,243.2 1 0
github.com/QuantumNous/new-api/model/channel.go:245.43,246.28 1 0
github.com/QuantumNous/new-api/model/channel.go:246.28,248.3 1 0
github.com/QuantumNous/new-api/model/channel.go:249.2,249.30 1 0
github.com/QuantumNous/new-api/model/channel.go:252.38,254.2 1 0
github.com/QuantumNous/new-api/model/channel.go:256.48,258.2 1 0
github.com/QuantumNous/new-api/model/channel.go:260.93,264.12 4 0
github.com/QuantumNous/new-api/model/channel.go:264.12,266.3 1 0
github.com/QuantumNous/new-api/model/channel.go:267.2,267.15 1 0
github.com/QuantumNous/new-api/model/channel.go:267.15,269.3 1 0
github.com/QuantumNous/new-api/model/channel.go:269.8,271.3 1 0
github.com/QuantumNous/new-api/model/channel.go:272.2,272.22 1 0
github.com/QuantumNous/new-api/model/channel.go:275.84,278.12 3 0
github.com/QuantumNous/new-api/model/channel.go:278.12,280.3 1 0
github.com/QuantumNous/new-api/model/channel.go:281.2,282.16 2 0
github.com/QuantumNous/new-api/model/channel.go:282.16,284.3 1 0
github.com/QuantumNous/new-api/model/channel.go:285.2,286.22 2 0
github.com/QuantumNous/new-api/model/channel.go:289.98,294.28 3 0
github.com/QuantumNous/new-api/model/channel.go:294.28,296.3 1 0
github.com/QuantumNous/new-api/model/channel.go:298.2,300.28 2 0
github.com/QuantumNous/new-api/model/channel.go:300.28,302.3 1 0
github.com/QuantumNous/new-api/model/channel.go:304.2,305.12 2 0
github.com/QuantumNous/new-api/model/channel.go:305.12,307.3 1 0
github.com/QuantumNous/new-api/model/channel.go:310.2,315.36 4 0
github.com/QuantumNous/new-api/model/channel.go:315.36,317.24 2 0
github.com/QuantumNous/new-api/model/channel.go:317.24,319.4 1 0
github.com/QuantumNous/new-api/model/channel.go:319.9,322.4 1 0
github.com/QuantumNous/new-api/model/channel.go:323.3,324.125 2 0
github.com/QuantumNous/new-api/model/channel.go:325.8,328.3 2 0
github.com/QuantumNous/new-api/model/channel.go:331.2,332.16 2 0
github.com/QuantumNous/new-api/model/channel.go:332.16,334.3 1 0
github.com/QuantumNous/new-api/model/channel.go:335.2,335.22 1 0
github.com/QuantumNous/new-api/model/channel.go:338.63,341.15 3 0
github.com/QuantumNous/new-api/model/channel.go:341.15,343.3 1 0
github.com/QuantumNous/new-api/model/channel.go:343.8,345.3 1 0
github.com/QuantumNous/new-api/model/channel.go:346.2,346.16 1 0
github.com/QuantumNous/new-api/model/channel.go:346.16,348.3 1 0
github.com/QuantumNous/new-api/model/channel.go:349.2,349.20 1 0
github.com/QuantumNous/new-api/model/channel.go:349.20,351.3 1 0
github.com/QuantumNous/new-api/model/channel.go:352.2,352.21 1 0
github.com/QuantumNous/new-api/model/channel.go:355.52,356.24 1 0
github.com/QuantumNous/new-api/model/channel.go:356.24,358.3 1 0
github.com/QuantumNous/new-api/model/channel.go:359.2,360.21 2 0
github.com/QuantumNous/new-api/model/channel.go:360.21,362.3 1 0
github.com/QuantumNous/new-api/model/channel.go:363.2,363.15 1 0
github.com/QuantumNous/new-api/model/channel.go:363.15,364.31 1 0
github.com/QuantumNous/new-api/model/channel.go:364.31,366.4 1 0
github.com/QuantumNous/new-api/model/channel.go:369.2,369.47 1 0
github.com/QuantumNous/new-api/model/channel.go:369.47,370.49 1 0
github.com/QuantumNous/new-api/model/channel.go:370.49,373.4 2 0
github.com/QuantumNous/new-api/model/channel.go:374.3,374.34 1 0
github.com/QuantumNous/new-api/model/channel.go:374.34,375.52 1 0
github.com/QuantumNous/new-api/model/channel.go:375.52,378.5 2 0
github.com/QuantumNous/new-api/model/channel.go:381.2,381.26 1 0
github.com/QuantumNous/new-api/model/channel.go:384.43,385.19 1 0
github.com/QuantumNous/new-api/model/channel.go:385.19,387.3 1 0
github.com/QuantumNous/new-api/model/channel.go:389.2,390.21 2 0
github.com/QuantumNous/new-api/model/channel.go:390.21,392.3 1 0
github.com/QuantumNous/new-api/model/channel.go:393.2,393.43 1 0
github.com/QuantumNous/new-api/model/channel.go:393.43,394.79 1 0
github.com/QuantumNous/new-api/model/channel.go:394.79,397.4 2 0
github.com/QuantumNous/new-api/model/channel.go:398.3,398.87 1 0
github.com/QuantumNous/new-api/model/channel.go:398.87,401.4 2 0
github.com/QuantumNous/new-api/model/channel.go:403.2,403.26 1 0
github.com/QuantumNous/new-api/model/channel.go:406.45,407.29 1 0
github.com/QuantumNous/new-api/model/channel.go:407.29,409.3 1 0
github.com/QuantumNous/new-api/model/channel.go:410.2,410.26 1 0
github.com/QuantumNous/new-api/model/channel.go:413.41,414.27 1 0
github.com/QuantumNous/new-api/model/channel.go:414.27,416.3 1 0
github.com/QuantumNous/new-api/model/channel.go:417.2,417.29 1 0
github.com/QuantumNous/new-api/model/channel.go:420.45,421.28 1 0
github.com/QuantumNous/new-api/model/channel.go:421.28,423.3 1 0
github.com/QuantumNous/new-api/model/channel.go:424.2,425.15 2 0
github.com/QuantumNous/new-api/model/channel.go:425.15,427.3 1 0
github.com/QuantumNous/new-api/model/channel.go:428.2,428.12 1 0
github.com/QuantumNous/new-api/model/channel.go:431.50,432.33 1 0
github.com/QuantumNous/new-api/model/channel.go:432.33,434.3 1 0
github.com/QuantumNous/new-api/model/channel.go:435.2,435.30 1 0
github.com/QuantumNous/new-api/model/channel.go:438.55,439.38 1 0
github.com/QuantumNous/new-api/model/channel.go:439.38,441.3 1 0
github.com/QuantumNous/new-api/model/channel.go:442.2,442.35 1 0
github.com/QuantumNous/new-api/model/channel.go:445.40,448.16 3 0
github.com/QuantumNous/new-api/model/channel.go:448.16,450.3 1 0
github.com/QuantumNous/new-api/model/channel.go:451.2,452.12 2 0
github.com/QuantumNous/new-api/model/channel.go:455.40,457.36 1 0
github.com/QuantumNous/new-api/model/channel.go:457.36,459.24 2 0
github.com/QuantumNous/new-api/model/channel.go:459.24,461.4 1 0
github.com/QuantumNous/new-api/model/channel.go:461.9,463.69 1 0
github.com/QuantumNous/new-api/model/channel.go:463.69,465.5 1 0
github.com/QuantumNous/new-api/model/channel.go:468.3,469.19 2 0
github.com/QuantumNous/new-api/model/channel.go:469.19,471.39 2 0
github.com/QuantumNous/new-api/model/channel.go:471.39,473.67 2 0
github.com/QuantumNous/new-api/model/channel.go:473.67,475.28 2 0
github.com/QuantumNous/new-api/model/channel.go:475.28,477.7 1 0
github.com/QuantumNous/new-api/model/channel.go:480.4,480.22 1 0
github.com/QuantumNous/new-api/model/channel.go:480.22,482.5 1 0
github.com/QuantumNous/new-api/model/channel.go:484.3,486.52 2 0
github.com/QuantumNous/new-api/model/channel.go:486.52,487.60 1 0
github.com/QuantumNous/new-api/model/channel.go:487.60,488.48 1 0
github.com/QuantumNous/new-api/model/channel.go:488.48,490.6 1 0
github.com/QuantumNous/new-api/model/channel.go:494.2,496.16 3 0
github.com/QuantumNous/new-api/model/channel.go:496.16,498.3 1 0
github.com/QuantumNous/new-api/model/channel.go:499.2,501.12 3 0
github.com/QuantumNous/new-api/model/channel.go:504.64,509.16 2 0
github.com/QuantumNous/new-api/model/channel.go:509.16,511.3 1 0
github.com/QuantumNous/new-api/model/channel.go:514.56,519.16 2 0
github.com/QuantumNous/new-api/model/channel.go:519.16,521.3 1 0
github.com/QuantumNous/new-api/model/channel.go:524.40,527.16 3 0
github.com/QuantumNous/new-api/model/channel.go:527.16,529.3 1 0
github.com/QuantumNous/new-api/model/channel.go:530.2,531.12 2 0
github.com/QuantumNous/new-api/model/channel.go:540.55,541.65 1 0
github.com/QuantumNous/new-api/model/channel.go:541.65,543.3 1 0
github.com/QuantumNous/new-api/model/channel.go:545.2,547.29 3 0
github.com/QuantumNous/new-api/model/channel.go:552.35,557.38 4 0
github.com/QuantumNous/new-api/model/channel.go:557.38,559.3 1 0
github.com/QuantumNous/new-api/model/channel.go:561.2,561.62 1 0
github.com/QuantumNous/new-api/model/channel.go:561.62,563.35 2 0
github.com/QuantumNous/new-api/model/channel.go:563.35,565.4 1 0
github.com/QuantumNous/new-api/model/channel.go:566.3,566.14 1 0
github.com/QuantumNous/new-api/model/channel.go:570.90,572.20 2 0
github.com/QuantumNous/new-api/model/channel.go:572.20,574.3 1 0
github.com/QuantumNous/new-api/model/channel.go:574.8,576.28 2 0
github.com/QuantumNous/new-api/model/channel.go:576.28,577.23 1 0
github.com/QuantumNous/new-api/model/channel.go:577.23,579.10 2 0
github.com/QuantumNous/new-api/model/channel.go:582.3,582.52 1 0
github.com/QuantumNous/new-api/model/channel.go:582.52,584.4 1 0
github.com/QuantumNous/new-api/model/channel.go:585.3,585.44 1 0
github.com/QuantumNous/new-api/model/channel.go:585.44,587.4 1 0
github.com/QuantumNous/new-api/model/channel.go:587.9,589.57 2 0
github.com/QuantumNous/new-api/model/channel.go:589.57,591.5 1 0
github.com/QuantumNous/new-api/model/channel.go:592.4,592.55 1 0
github.com/QuantumNous/new-api/model/channel.go:592.55,594.5 1 0
github.com/QuantumNous/new-api/model/channel.go:595.4,596.78 2 0
github.com/QuantumNous/new-api/model/channel.go:598.3,598.86 1 0
github.com/QuantumNous/new-api/model/channel.go:598.86,604.4 5 0
github.com/QuantumNous/new-api/model/channel.go:608.90,609.31 1 0
github.com/QuantumNous/new-api/model/channel.go:609.31,614.26 4 0
github.com/QuantumNous/new-api/model/channel.go:614.26,616.4 1 0
github.com/QuantumNous/new-api/model/channel.go:617.3,617.42 1 0
github.com/QuantumNous/new-api/model/channel.go:617.42,626.4 4 0
github.com/QuantumNous/new-api/model/channel.go:626.9,628.37 1 0
github.com/QuantumNous/new-api/model/channel.go:628.37,630.5 1 0
github.com/QuantumNous/new-api/model/channel.go:631.4,631.47 1 0
github.com/QuantumNous/new-api/model/channel.go:635.2,636.15 2 0
github.com/QuantumNous/new-api/model/channel.go:636.15,637.28 1 0
github.com/QuantumNous/new-api/model/channel.go:637.28,639.18 2 0
github.com/QuantumNous/new-api/model/channel.go:639.18,641.5 1 0
github.com/QuantumNous/new-api/model/channel.go:644.2,645.16 2 0
github.com/QuantumNous/new-api/model/channel.go:645.16,647.3 1 0
github.com/QuantumNous/new-api/model/channel.go:647.8,648.31 1 0
github.com/QuantumNous/new-api/model/channel.go:648.31,650.4 1 0
github.com/QuantumNous/new-api/model/channel.go:652.3,652.37 1 0
github.com/QuantumNous/new-api/model/channel.go:652.37,659.38 6 0
github.com/QuantumNous/new-api/model/channel.go:659.38,661.5 1 0
github.com/QuantumNous/new-api/model/channel.go:662.9,669.4 6 0
github.com/QuantumNous/new-api/model/channel.go:670.3,671.17 2 0
github.com/QuantumNous/new-api/model/channel.go:671.17,674.4 2 0
github.com/QuantumNous/new-api/model/channel.go:676.2,676.13 1 0
github.com/QuantumNous/new-api/model/channel.go:679.43,681.16 2 0
github.com/QuantumNous/new-api/model/channel.go:681.16,683.3 1 0
github.com/QuantumNous/new-api/model/channel.go:684.2,685.12 2 0
github.com/QuantumNous/new-api/model/channel.go:688.44,690.16 2 0
github.com/QuantumNous/new-api/model/channel.go:690.16,692.3 1 0
github.com/QuantumNous/new-api/model/channel.go:693.2,694.12 2 0
github.com/QuantumNous/new-api/model/channel.go:697.188,702.37 4 0
github.com/QuantumNous/new-api/model/channel.go:702.37,705.3 2 0
github.com/QuantumNous/new-api/model/channel.go:706.2,706.48 1 0
github.com/QuantumNous/new-api/model/channel.go:706.48,708.3 1 0
github.com/QuantumNous/new-api/model/channel.go:709.2,709.36 1 0
github.com/QuantumNous/new-api/model/channel.go:709.36,712.3 2 0
github.com/QuantumNous/new-api/model/channel.go:713.2,713.34 1 0
github.com/QuantumNous/new-api/model/channel.go:713.34,716.3 2 0
github.com/QuantumNous/new-api/model/channel.go:717.2,717.21 1 0
github.com/QuantumNous/new-api/model/channel.go:717.21,719.3 1 0
github.com/QuantumNous/new-api/model/channel.go:720.2,720.19 1 0
github.com/QuantumNous/new-api/model/channel.go:720.19,722.3 1 0
github.com/QuantumNous/new-api/model/channel.go:723.2,723.26 1 0
github.com/QuantumNous/new-api/model/channel.go:723.26,725.3 1 0
github.com/QuantumNous/new-api/model/channel.go:726.2,726.27 1 0
github.com/QuantumNous/new-api/model/channel.go:726.27,728.3 1 0
github.com/QuantumNous/new-api/model/channel.go:730.2,731.16 2 0
github.com/QuantumNous/new-api/model/channel.go:731.16,733.3 1 0
github.com/QuantumNous/new-api/model/channel.go:734.2,734.29 1 0
github.com/QuantumNous/new-api/model/channel.go:734.29,736.17 2 0
github.com/QuantumNous/new-api/model/channel.go:736.17,737.37 1 0
github.com/QuantumNous/new-api/model/channel.go:737.37,739.19 2 0
github.com/QuantumNous/new-api/model/channel.go:739.19,741.6 1 0
github.com/QuantumNous/new-api/model/channel.go:744.8,746.17 2 0
github.com/QuantumNous/new-api/model/channel.go:746.17,748.4 1 0
github.com/QuantumNous/new-api/model/channel.go:750.2,750.12 1 0
github.com/QuantumNous/new-api/model/channel.go:753.48,754.31 1 0
github.com/QuantumNous/new-api/model/channel.go:754.31,757.3 2 0
github.com/QuantumNous/new-api/model/channel.go:758.2,758.35 1 0
github.com/QuantumNous/new-api/model/channel.go:761.48,763.16 2 0
github.com/QuantumNous/new-api/model/channel.go:763.16,765.3 1 0
github.com/QuantumNous/new-api/model/channel.go:768.57,771.2 2 0
github.com/QuantumNous/new-api/model/channel.go:773.45,776.2 2 0
github.com/QuantumNous/new-api/model/channel.go:778.65,782.2 3 0
github.com/QuantumNous/new-api/model/channel.go:784.93,789.28 3 0
github.com/QuantumNous/new-api/model/channel.go:789.28,791.3 1 0
github.com/QuantumNous/new-api/model/channel.go:793.2,795.28 2 0
github.com/QuantumNous/new-api/model/channel.go:795.28,797.3 1 0
github.com/QuantumNous/new-api/model/channel.go:799.2,800.12 2 0
github.com/QuantumNous/new-api/model/channel.go:800.12,802.3 1 0
github.com/QuantumNous/new-api/model/channel.go:805.2,810.36 4 0
github.com/QuantumNous/new-api/model/channel.go:810.36,812.24 2 0
github.com/QuantumNous/new-api/model/channel.go:812.24,814.4 1 0
github.com/QuantumNous/new-api/model/channel.go:814.9,817.4 1 0
github.com/QuantumNous/new-api/model/channel.go:818.3,819.125 2 0
github.com/QuantumNous/new-api/model/channel.go:820.8,823.3 2 0
github.com/QuantumNous/new-api/model/channel.go:825.2,834.16 3 0
github.com/QuantumNous/new-api/model/channel.go:834.16,836.3 1 0
github.com/QuantumNous/new-api/model/channel.go:838.2,838.18 1 0
github.com/QuantumNous/new-api/model/channel.go:841.50,843.54 2 0
github.com/QuantumNous/new-api/model/channel.go:843.54,845.17 2 0
github.com/QuantumNous/new-api/model/channel.go:845.17,847.4 1 0
github.com/QuantumNous/new-api/model/channel.go:849.2,849.12 1 0
github.com/QuantumNous/new-api/model/channel.go:852.58,854.54 2 0
github.com/QuantumNous/new-api/model/channel.go:854.54,856.17 2 0
github.com/QuantumNous/new-api/model/channel.go:856.17,860.4 3 0
github.com/QuantumNous/new-api/model/channel.go:862.2,862.16 1 0
github.com/QuantumNous/new-api/model/channel.go:865.65,867.16 2 0
github.com/QuantumNous/new-api/model/channel.go:867.16,870.3 2 0
github.com/QuantumNous/new-api/model/channel.go:871.2,871.67 1 0
github.com/QuantumNous/new-api/model/channel.go:874.69,876.33 2 0
github.com/QuantumNous/new-api/model/channel.go:876.33,878.17 2 0
github.com/QuantumNous/new-api/model/channel.go:878.17,882.4 3 0
github.com/QuantumNous/new-api/model/channel.go:884.2,884.16 1 0
github.com/QuantumNous/new-api/model/channel.go:887.76,889.16 2 0
github.com/QuantumNous/new-api/model/channel.go:889.16,892.3 2 0
github.com/QuantumNous/new-api/model/channel.go:893.2,893.46 1 0
github.com/QuantumNous/new-api/model/channel.go:896.67,898.66 2 0
github.com/QuantumNous/new-api/model/channel.go:898.66,900.17 2 0
github.com/QuantumNous/new-api/model/channel.go:900.17,902.4 1 0
github.com/QuantumNous/new-api/model/channel.go:904.2,904.22 1 0
github.com/QuantumNous/new-api/model/channel.go:907.68,909.68 2 0
github.com/QuantumNous/new-api/model/channel.go:909.68,911.17 2 0
github.com/QuantumNous/new-api/model/channel.go:911.17,913.4 1 0
github.com/QuantumNous/new-api/model/channel.go:915.2,915.23 1 0
github.com/QuantumNous/new-api/model/channel.go:918.54,922.2 3 0
github.com/QuantumNous/new-api/model/channel.go:924.55,927.21 2 0
github.com/QuantumNous/new-api/model/channel.go:927.21,929.3 1 0
github.com/QuantumNous/new-api/model/channel.go:932.2,933.16 2 0
github.com/QuantumNous/new-api/model/channel.go:933.16,936.3 2 0
github.com/QuantumNous/new-api/model/channel.go:939.2,940.16 2 0
github.com/QuantumNous/new-api/model/channel.go:940.16,943.3 2 0
github.com/QuantumNous/new-api/model/channel.go:945.2,945.35 1 0
github.com/QuantumNous/new-api/model/channel.go:945.35,947.17 2 0
github.com/QuantumNous/new-api/model/channel.go:947.17,950.4 2 0
github.com/QuantumNous/new-api/model/channel.go:954.2,954.26 1 0
github.com/QuantumNous/new-api/model/channel.go:958.40,962.2 3 0
github.com/QuantumNous/new-api/model/channel.go:965.36,969.2 3 0
github.com/QuantumNous/new-api/model/channel.go:972.97,975.12 3 0
github.com/QuantumNous/new-api/model/channel.go:975.12,977.3 1 0
github.com/QuantumNous/new-api/model/channel.go:978.2,979.22 2 0
github.com/QuantumNous/new-api/model/channel.go:983.58,987.2 3 0
github.com/QuantumNous/new-api/model/channel.go:990.58,997.16 4 0
github.com/QuantumNous/new-api/model/channel.go:997.16,999.3 1 0
github.com/QuantumNous/new-api/model/channel.go:1000.2,1001.28 2 0
github.com/QuantumNous/new-api/model/channel.go:1001.28,1003.3 1 0
github.com/QuantumNous/new-api/model/channel.go:1004.2,1004.20 1 0
github.com/QuantumNous/new-api/model/channel_cache.go:21.25,22.32 1 0
github.com/QuantumNous/new-api/model/channel_cache.go:22.32,24.3 1 0
github.com/QuantumNous/new-api/model/channel_cache.go:25.2,28.35 4 0
github.com/QuantumNous/new-api/model/channel_cache.go:28.35,30.3 1 0
github.com/QuantumNous/new-api/model/channel_cache.go:31.2,34.36 4 0
github.com/QuantumNous/new-api/model/channel_cache.go:34.36,36.3 1 0
github.com/QuantumNous/new-api/model/channel_cache.go:37.2,38.28 2 0
github.com/QuantumNous/new-api/model/channel_cache.go:38.28,40.3 1 0
github.com/QuantumNous/new-api/model/channel_cache.go:41.2,41.35 1 0
github.com/QuantumNous/new-api/model/channel_cache.go:41.35,42.52 1 0
github.com/QuantumNous/new-api/model/channel_cache.go:42.52,43.12 1 0
github.com/QuantumNous/new-api/model/channel_cache.go:45.3,46.32 2 0
github.com/QuantumNous/new-api/model/channel_cache.go:46.32,48.33 2 0
github.com/QuantumNous/new-api/model/channel_cache.go:48.33,49.60 1 0
github.com/QuantumNous/new-api/model/channel_cache.go:49.60,51.6 1 0
github.com/QuantumNous/new-api/model/channel_cache.go:52.5,52.102 1 0
github.com/QuantumNous/new-api/model/channel_cache.go:58.2,58.61 1 0
github.com/QuantumNous/new-api/model/channel_cache.go:58.61,59.47 1 0
github.com/QuantumNous/new-api/model/channel_cache.go:59.47,60.45 1 0
github.com/QuantumNous/new-api/model/channel_cache.go:60.45,62.5 1 0
github.com/QuantumNous/new-api/model/channel_cache.go:63.4,63.52 1 0
github.com/QuantumNous/new-api/model/channel_cache.go:67.2,70.47 3 0
github.com/QuantumNous/new-api/model/channel_cache.go:70.47,71.37 1 0
github.com/QuantumNous/new-api/model/channel_cache.go:71.37,73.72 2 0
github.com/QuantumNous/new-api/model/channel_cache.go:73.72,74.45 1 0
github.com/QuantumNous/new-api/model/channel_cache.go:74.45,76.114 1 0
github.com/QuantumNous/new-api/model/channel_cache.go:76.114,78.7 1 0
github.com/QuantumNous/new-api/model/channel_cache.go:83.2,85.48 3 0
github.com/QuantumNous/new-api/model/channel_cache.go:88.38,89.6 1 0
github.com/QuantumNous/new-api/model/channel_cache.go:89.6,93.3 3 0
github.com/QuantumNous/new-api/model/channel_cache.go:96.89,98.32 1 0
github.com/QuantumNous/new-api/model/channel_cache.go:98.32,100.3 1 0
github.com/QuantumNous/new-api/model/channel_cache.go:102.2,109.24 4 0
github.com/QuantumNous/new-api/model/channel_cache.go:109.24,112.3 2 0
github.com/QuantumNous/new-api/model/channel_cache.go:114.2,114.24 1 0
github.com/QuantumNous/new-api/model/channel_cache.go:114.24,116.3 1 0
github.com/QuantumNous/new-api/model/channel_cache.go:118.2,118.24 1 0
github.com/QuantumNous/new-api/model/channel_cache.go:118.24,119.50 1 0
github.com/QuantumNous/new-api/model/channel_cache.go:119.50,121.4 1 0
github.com/QuantumNous/new-api/model/channel_cache.go:122.3,122.116 1 0
github.com/QuantumNous/new-api/model/channel_cache.go:125.2,126.37 2 0
github.com/QuantumNous/new-api/model/channel_cache.go:126.37,127.48 1 0
github.com/QuantumNous/new-api/model/channel_cache.go:127.48,129.4 1 0
github.com/QuantumNous/new-api/model/channel_cache.go:129.9,131.4 1 0
github.com/QuantumNous/new-api/model/channel_cache.go:133.2,134.41 2 0
github.com/QuantumNous/new-api/model/channel_cache.go:134.41,136.3 1 0
github.com/QuantumNous/new-api/model/channel_cache.go:137.2,139.36 2 0
github.com/QuantumNous/new-api/model/channel_cache.go:139.36,141.3 1 0
github.com/QuantumNous/new-api/model/channel_cache.go:142.2,147.37 4 0
github.com/QuantumNous/new-api/model/channel_cache.go:147.37,148.48 1 0
github.com/QuantumNous/new-api/model/channel_cache.go:148.48,149.47 1 0
github.com/QuantumNous/new-api/model/channel_cache.go:149.47,152.5 2 0
github.com/QuantumNous/new-api/model/channel_cache.go:153.9,155.4 1 0
github.com/QuantumNous/new-api/model/channel_cache.go:158.2,158.30 1 0
github.com/QuantumNous/new-api/model/channel_cache.go:158.30,160.3 1 0
github.com/QuantumNous/new-api/model/channel_cache.go:163.2,166.20 3 0
github.com/QuantumNous/new-api/model/channel_cache.go:166.20,171.3 2 0
github.com/QuantumNous/new-api/model/channel_cache.go:171.8,171.47 1 0
github.com/QuantumNous/new-api/model/channel_cache.go:171.47,174.3 1 0
github.com/QuantumNous/new-api/model/channel_cache.go:177.2,183.41 3 0
github.com/QuantumNous/new-api/model/channel_cache.go:183.41,185.23 2 0
github.com/QuantumNous/new-api/model/channel_cache.go:185.23,187.4 1 0
github.com/QuantumNous/new-api/model/channel_cache.go:190.2,190.45 1 0
github.com/QuantumNous/new-api/model/channel_cache.go:193.48,194.32 1 0
github.com/QuantumNous/new-api/model/channel_cache.go:194.32,196.3 1 0
github.com/QuantumNous/new-api/model/channel_cache.go:197.2,201.9 4 0
github.com/QuantumNous/new-api/model/channel_cache.go:201.9,203.3 1 0
github.com/QuantumNous/new-api/model/channel_cache.go:204.2,204.15 1 0
github.com/QuantumNous/new-api/model/channel_cache.go:207.56,208.32 1 0
github.com/QuantumNous/new-api/model/channel_cache.go:208.32,210.17 2 0
github.com/QuantumNous/new-api/model/channel_cache.go:210.17,212.4 1 0
github.com/QuantumNous/new-api/model/channel_cache.go:213.3,213.35 1 0
github.com/QuantumNous/new-api/model/channel_cache.go:215.2,219.9 4 0
github.com/QuantumNous/new-api/model/channel_cache.go:219.9,221.3 1 0
github.com/QuantumNous/new-api/model/channel_cache.go:222.2,222.28 1 0
github.com/QuantumNous/new-api/model/channel_cache.go:225.51,226.32 1 0
github.com/QuantumNous/new-api/model/channel_cache.go:226.32,228.3 1 0
github.com/QuantumNous/new-api/model/channel_cache.go:229.2,231.40 3 0
github.com/QuantumNous/new-api/model/channel_cache.go:231.40,233.3 1 0
github.com/QuantumNous/new-api/model/channel_cache.go:234.2,234.43 1 0
github.com/QuantumNous/new-api/model/channel_cache.go:234.43,236.59 1 0
github.com/QuantumNous/new-api/model/channel_cache.go:236.59,237.48 1 0
github.com/QuantumNous/new-api/model/channel_cache.go:237.48,238.40 1 0
github.com/QuantumNous/new-api/model/channel_cache.go:238.40,239.25 1 0
github.com/QuantumNous/new-api/model/channel_cache.go:239.25,242.12 2 0
github.com/QuantumNous/new-api/model/channel_cache.go:250.43,251.32 1 0
github.com/QuantumNous/new-api/model/channel_cache.go:251.32,253.3 1 0
github.com/QuantumNous/new-api/model/channel_cache.go:254.2,256.20 3 0
github.com/QuantumNous/new-api/model/channel_cache.go:256.20,258.3 1 0
github.com/QuantumNous/new-api/model/channel_cache.go:260.2,264.78 4 0
github.com/QuantumNous/new-api/model/log.go:53.34,54.22 1 0
github.com/QuantumNous/new-api/model/log.go:54.22,58.22 4 0
github.com/QuantumNous/new-api/model/log.go:58.22,61.4 1 0
github.com/QuantumNous/new-api/model/log.go:62.3,63.33 2 0
github.com/QuantumNous/new-api/model/log.go:67.55,68.36 1 0
github.com/QuantumNous/new-api/model/log.go:68.36,70.114 2 0
github.com/QuantumNous/new-api/model/log.go:70.114,72.4 1 0
github.com/QuantumNous/new-api/model/log.go:73.3,73.74 1 0
github.com/QuantumNous/new-api/model/log.go:74.8,76.3 1 0
github.com/QuantumNous/new-api/model/log.go:77.2,78.18 2 0
github.com/QuantumNous/new-api/model/log.go:81.57,82.60 1 0
github.com/QuantumNous/new-api/model/log.go:82.60,84.3 1 0
github.com/QuantumNous/new-api/model/log.go:85.2,94.16 4 0
github.com/QuantumNous/new-api/model/log.go:94.16,96.3 1 0
github.com/QuantumNous/new-api/model/log.go:100.61,106.66 5 0
github.com/QuantumNous/new-api/model/log.go:106.66,107.29 1 0
github.com/QuantumNous/new-api/model/log.go:107.29,109.4 1 0
github.com/QuantumNous/new-api/model/log.go:111.2,127.21 1 0
github.com/QuantumNous/new-api/model/log.go:127.21,128.20 1 0
github.com/QuantumNous/new-api/model/log.go:128.20,130.5 1 0
github.com/QuantumNous/new-api/model/log.go:131.4,131.13 1 0
github.com/QuantumNous/new-api/model/log.go:135.2,136.16 2 0
github.com/QuantumNous/new-api/model/log.go:136.16,138.3 1 0
github.com/QuantumNous/new-api/model/log.go:156.82,157.31 1 0
github.com/QuantumNous/new-api/model/log.go:157.31,159.3 1 0
github.com/QuantumNous/new-api/model/log.go:160.2,165.66 5 0
github.com/QuantumNous/new-api/model/log.go:165.66,166.29 1 0
github.com/QuantumNous/new-api/model/log.go:166.29,168.4 1 0
github.com/QuantumNous/new-api/model/log.go:170.2,186.21 1 0
github.com/QuantumNous/new-api/model/log.go:186.21,187.20 1 0
github.com/QuantumNous/new-api/model/log.go:187.20,189.5 1 0
github.com/QuantumNous/new-api/model/log.go:190.4,190.13 1 0
github.com/QuantumNous/new-api/model/log.go:194.2,195.16 2 0
github.com/QuantumNous/new-api/model/log.go:195.16,197.3 1 0
github.com/QuantumNous/new-api/model/log.go:198.2,198.30 1 0
github.com/QuantumNous/new-api/model/log.go:198.30,199.20 1 0
github.com/QuantumNous/new-api/model/log.go:199.20,201.4 1 0
github.com/QuantumNous/new-api/model/log.go:205.213,207.31 2 0
github.com/QuantumNous/new-api/model/log.go:207.31,209.3 1 0
github.com/QuantumNous/new-api/model/log.go:209.8,211.3 1 0
github.com/QuantumNous/new-api/model/log.go:213.2,213.21 1 0
github.com/QuantumNous/new-api/model/log.go:213.21,215.3 1 0
github.com/QuantumNous/new-api/model/log.go:216.2,216.20 1 0
github.com/QuantumNous/new-api/model/log.go:216.20,218.3 1 0
github.com/QuantumNous/new-api/model/log.go:219.2,219.21 1 0
github.com/QuantumNous/new-api/model/log.go:219.21,221.3 1 0
github.com/QuantumNous/new-api/model/log.go:222.2,222.25 1 0
github.com/QuantumNous/new-api/model/log.go:222.25,224.3 1 0
github.com/QuantumNous/new-api/model/log.go:225.2,225.23 1 0
github.com/QuantumNous/new-api/model/log.go:225.23,227.3 1 0
github.com/QuantumNous/new-api/model/log.go:228.2,228.18 1 0
github.com/QuantumNous/new-api/model/log.go:228.18,230.3 1 0
github.com/QuantumNous/new-api/model/log.go:231.2,231.17 1 0
github.com/QuantumNous/new-api/model/log.go:231.17,233.3 1 0
github.com/QuantumNous/new-api/model/log.go:234.2,235.16 2 0
github.com/QuantumNous/new-api/model/log.go:235.16,237.3 1 0
github.com/QuantumNous/new-api/model/log.go:238.2,239.16 2 0
github.com/QuantumNous/new-api/model/log.go:239.16,241.3 1 0
github.com/QuantumNous/new-api/model/log.go:243.2,244.27 2 0
github.com/QuantumNous/new-api/model/log.go:244.27,245.25 1 0
github.com/QuantumNous/new-api/model/log.go:245.25,247.4 1 0
github.com/QuantumNous/new-api/model/log.go:250.2,250.26 1 0
github.com/QuantumNous/new-api/model/log.go:250.26,255.123 2 0
github.com/QuantumNous/new-api/model/log.go:255.123,257.4 1 0
github.com/QuantumNous/new-api/model/log.go:258.3,259.36 2 0
github.com/QuantumNous/new-api/model/log.go:259.36,261.4 1 0
github.com/QuantumNous/new-api/model/log.go:262.3,262.23 1 0
github.com/QuantumNous/new-api/model/log.go:262.23,264.4 1 0
github.com/QuantumNous/new-api/model/log.go:267.2,267.25 1 0
github.com/QuantumNous/new-api/model/log.go:270.196,272.31 2 0
github.com/QuantumNous/new-api/model/log.go:272.31,274.3 1 0
github.com/QuantumNous/new-api/model/log.go:274.8,276.3 1 0
github.com/QuantumNous/new-api/model/log.go:278.2,278.21 1 0
github.com/QuantumNous/new-api/model/log.go:278.21,280.3 1 0
github.com/QuantumNous/new-api/model/log.go:281.2,281.21 1 0
github.com/QuantumNous/new-api/model/log.go:281.21,283.3 1 0
github.com/QuantumNous/new-api/model/log.go:284.2,284.25 1 0
github.com/QuantumNous/new-api/model/log.go:284.25,286.3 1 0
github.com/QuantumNous/new-api/model/log.go:287.2,287.23 1 0
github.com/QuantumNous/new-api/model/log.go:287.23,289.3 1 0
github.com/QuantumNous/new-api/model/log.go:290.2,290.17 1 0
github.com/QuantumNous/new-api/model/log.go:290.17,292.3 1 0
github.com/QuantumNous/new-api/model/log.go:293.2,294.16 2 0
github.com/QuantumNous/new-api/model/log.go:294.16,296.3 1 0
github.com/QuantumNous/new-api/model/log.go:297.2,298.16 2 0
github.com/QuantumNous/new-api/model/log.go:298.16,300.3 1 0
github.com/QuantumNous/new-api/model/log.go:302.2,303.25 2 0
github.com/QuantumNous/new-api/model/log.go:306.61,309.2 2 0
github.com/QuantumNous/new-api/model/log.go:311.74,315.2 3 0
github.com/QuantumNous/new-api/model/log.go:323.166,329.20 3 0
github.com/QuantumNous/new-api/model/log.go:329.20,332.3 2 0
github.com/QuantumNous/new-api/model/log.go:333.2,333.21 1 0
github.com/QuantumNous/new-api/model/log.go:333.21,336.3 2 0
github.com/QuantumNous/new-api/model/log.go:337.2,337.25 1 0
github.com/QuantumNous/new-api/model/log.go:337.25,339.3 1 0
github.com/QuantumNous/new-api/model/log.go:340.2,340.23 1 0
github.com/QuantumNous/new-api/model/log.go:340.23,342.3 1 0
github.com/QuantumNous/new-api/model/log.go:343.2,343.21 1 0
github.com/QuantumNous/new-api/model/log.go:343.21,346.3 2 0
github.com/QuantumNous/new-api/model/log.go:347.2,347.18 1 0
github.com/QuantumNous/new-api/model/log.go:347.18,350.3 2 0
github.com/QuantumNous/new-api/model/log.go:351.2,351.17 1 0
github.com/QuantumNous/new-api/model/log.go:351.17,354.3 2 0
github.com/QuantumNous/new-api/model/log.go:356.2,366.13 6 0
github.com/QuantumNous/new-api/model/log.go:369.139,371.20 2 0
github.com/QuantumNous/new-api/model/log.go:371.20,373.3 1 0
github.com/QuantumNous/new-api/model/log.go:374.2,374.21 1 0
github.com/QuantumNous/new-api/model/log.go:374.21,376.3 1 0
github.com/QuantumNous/new-api/model/log.go:377.2,377.25 1 0
github.com/QuantumNous/new-api/model/log.go:377.25,379.3 1 0
github.com/QuantumNous/new-api/model/log.go:380.2,380.23 1 0
github.com/QuantumNous/new-api/model/log.go:380.23,382.3 1 0
github.com/QuantumNous/new-api/model/log.go:383.2,383.21 1 0
github.com/QuantumNous/new-api/model/log.go:383.21,385.3 1 0
github.com/QuantumNous/new-api/model/log.go:386.2,387.14 2 0
github.com/QuantumNous/new-api/model/log.go:390.89,393.6 2 0
github.com/QuantumNous/new-api/model/log.go:393.6,394.23 1 0
github.com/QuantumNous/new-api/model/log.go:394.23,396.4 1 0
github.com/QuantumNous/new-api/model/log.go:398.3,399.26 2 0
github.com/QuantumNous/new-api/model/log.go:399.26,401.4 1 0
github.com/QuantumNous/new-api/model/log.go:403.3,405.41 2 0
github.com/QuantumNous/new-api/model/log.go:405.41,406.9 1 0
github.com/QuantumNous/new-api/model/log.go:410.2,410.19 1 0
github.com/QuantumNous/new-api/model/main.go:28.16,30.28 1 0
github.com/QuantumNous/new-api/model/main.go:30.28,35.3 4 0
github.com/QuantumNous/new-api/model/main.go:35.8,40.3 4 0
github.com/QuantumNous/new-api/model/main.go:41.2,41.36 1 0
github.com/QuantumNous/new-api/model/main.go:41.36,42.28 1 0
github.com/QuantumNous/new-api/model/main.go:43.38,45.23 2 0
github.com/QuantumNous/new-api/model/main.go:46.11,48.28 2 0
github.com/QuantumNous/new-api/model/main.go:50.8,52.29 1 0
github.com/QuantumNous/new-api/model/main.go:52.29,55.4 2 0
github.com/QuantumNous/new-api/model/main.go:55.9,58.4 2 0
github.com/QuantumNous/new-api/model/main.go:68.38,71.46 2 0
github.com/QuantumNous/new-api/model/main.go:71.46,74.17 3 0
github.com/QuantumNous/new-api/model/main.go:74.17,76.4 1 0
github.com/QuantumNous/new-api/model/main.go:77.3,86.23 2 0
github.com/QuantumNous/new-api/model/main.go:88.2,88.12 1 0
github.com/QuantumNous/new-api/model/main.go:91.19,93.18 2 0
github.com/QuantumNous/new-api/model/main.go:93.18,95.23 1 0
github.com/QuantumNous/new-api/model/main.go:95.23,103.18 4 0
github.com/QuantumNous/new-api/model/main.go:103.18,105.5 1 0
github.com/QuantumNous/new-api/model/main.go:106.4,106.25 1 0
github.com/QuantumNous/new-api/model/main.go:107.9,110.4 2 0
github.com/QuantumNous/new-api/model/main.go:111.8,115.3 2 0
github.com/QuantumNous/new-api/model/main.go:118.61,119.15 1 0
github.com/QuantumNous/new-api/model/main.go:119.15,121.3 1 0
github.com/QuantumNous/new-api/model/main.go:122.2,123.15 2 0
github.com/QuantumNous/new-api/model/main.go:123.15,124.87 1 0
github.com/QuantumNous/new-api/model/main.go:124.87,127.14 2 0
github.com/QuantumNous/new-api/model/main.go:127.14,129.5 1 0
github.com/QuantumNous/new-api/model/main.go:129.10,131.5 1 0
github.com/QuantumNous/new-api/model/main.go:132.4,137.6 1 0
github.com/QuantumNous/new-api/model/main.go:139.3,139.38 1 0
github.com/QuantumNous/new-api/model/main.go:139.38,141.14 2 0
github.com/QuantumNous/new-api/model/main.go:141.14,143.5 1 0
github.com/QuantumNous/new-api/model/main.go:143.10,145.5 1 0
github.com/QuantumNous/new-api/model/main.go:146.4,148.6 1 0
github.com/QuantumNous/new-api/model/main.go:151.3,153.42 2 0
github.com/QuantumNous/new-api/model/main.go:153.42,154.34 1 0
github.com/QuantumNous/new-api/model/main.go:154.34,156.5 1 0
github.com/QuantumNous/new-api/model/main.go:156.10,158.5 1 0
github.com/QuantumNous/new-api/model/main.go:160.3,160.13 1 0
github.com/QuantumNous/new-api/model/main.go:160.13,162.4 1 0
github.com/QuantumNous/new-api/model/main.go:162.9,164.4 1 0
github.com/QuantumNous/new-api/model/main.go:165.3,167.5 1 0
github.com/QuantumNous/new-api/model/main.go:170.2,174.4 3 0
github.com/QuantumNous/new-api/model/main.go:177.27,179.16 2 0
github.com/QuantumNous/new-api/model/main.go:179.16,180.26 1 0
github.com/QuantumNous/new-api/model/main.go:180.26,182.4 1 0
github.com/QuantumNous/new-api/model/main.go:183.3,185.24 2 0
github.com/QuantumNous/new-api/model/main.go:185.24,186.55 1 0
github.com/QuantumNous/new-api/model/main.go:186.55,187.15 1 0
github.com/QuantumNous/new-api/model/main.go:190.3,191.17 2 0
github.com/QuantumNous/new-api/model/main.go:191.17,193.4 1 0
github.com/QuantumNous/new-api/model/main.go:194.3,198.27 4 0
github.com/QuantumNous/new-api/model/main.go:198.27,200.4 1 0
github.com/QuantumNous/new-api/model/main.go:201.3,201.24 1 0
github.com/QuantumNous/new-api/model/main.go:201.25,203.4 0 0
github.com/QuantumNous/new-api/model/main.go:204.3,206.13 3 0
github.com/QuantumNous/new-api/model/main.go:207.8,209.3 1 0
github.com/QuantumNous/new-api/model/main.go:210.2,210.12 1 0
github.com/QuantumNous/new-api/model/main.go:213.30,214.36 1 0
github.com/QuantumNous/new-api/model/main.go:214.36,217.3 2 0
github.com/QuantumNous/new-api/model/main.go:218.2,219.16 2 0
github.com/QuantumNous/new-api/model/main.go:219.16,220.26 1 0
github.com/QuantumNous/new-api/model/main.go:220.26,222.4 1 0
github.com/QuantumNous/new-api/model/main.go:223.3,225.52 2 0
github.com/QuantumNous/new-api/model/main.go:225.52,226.59 1 0
github.com/QuantumNous/new-api/model/main.go:226.59,227.15 1 0
github.com/QuantumNous/new-api/model/main.go:230.3,231.17 2 0
github.com/QuantumNous/new-api/model/main.go:231.17,233.4 1 0
github.com/QuantumNous/new-api/model/main.go:234.3,238.27 4 0
github.com/QuantumNous/new-api/model/main.go:238.27,240.4 1 0
github.com/QuantumNous/new-api/model/main.go:241.3,243.13 3 0
github.com/QuantumNous/new-api/model/main.go:244.8,246.3 1 0
github.com/QuantumNous/new-api/model/main.go:247.2,247.12 1 0
github.com/QuantumNous/new-api/model/main.go:250.24,271.16 2 0
github.com/QuantumNous/new-api/model/main.go:271.16,273.3 1 0
github.com/QuantumNous/new-api/model/main.go:274.2,274.12 1 0
github.com/QuantumNous/new-api/model/main.go:277.28,307.31 4 0
github.com/QuantumNous/new-api/model/main.go:307.31,309.43 2 0
github.com/QuantumNous/new-api/model/main.go:309.43,311.48 2 0
github.com/QuantumNous/new-api/model/main.go:311.48,313.5 1 0
github.com/QuantumNous/new-api/model/main.go:318.2,322.27 3 0
github.com/QuantumNous/new-api/model/main.go:322.27,323.17 1 0
github.com/QuantumNous/new-api/model/main.go:323.17,325.4 1 0
github.com/QuantumNous/new-api/model/main.go:327.2,328.12 2 0
github.com/QuantumNous/new-api/model/main.go:331.27,333.50 2 0
github.com/QuantumNous/new-api/model/main.go:333.50,335.3 1 0
github.com/QuantumNous/new-api/model/main.go:336.2,336.12 1 0
github.com/QuantumNous/new-api/model/main.go:339.33,341.16 2 0
github.com/QuantumNous/new-api/model/main.go:341.16,343.3 1 0
github.com/QuantumNous/new-api/model/main.go:344.2,345.12 2 0
github.com/QuantumNous/new-api/model/main.go:348.22,349.18 1 0
github.com/QuantumNous/new-api/model/main.go:349.18,351.17 2 0
github.com/QuantumNous/new-api/model/main.go:351.17,353.4 1 0
github.com/QuantumNous/new-api/model/main.go:355.2,355.20 1 0
github.com/QuantumNous/new-api/model/main.go:361.50,367.16 3 0
github.com/QuantumNous/new-api/model/main.go:367.16,369.3 1 0
github.com/QuantumNous/new-api/model/main.go:371.2,371.35 1 0
github.com/QuantumNous/new-api/model/main.go:371.35,371.64 1 0
github.com/QuantumNous/new-api/model/main.go:373.2,380.47 2 0
github.com/QuantumNous/new-api/model/main.go:380.47,383.49 3 0
github.com/QuantumNous/new-api/model/main.go:383.49,384.21 1 0
github.com/QuantumNous/new-api/model/main.go:384.21,386.5 1 0
github.com/QuantumNous/new-api/model/main.go:387.4,387.45 1 0
github.com/QuantumNous/new-api/model/main.go:390.3,390.42 1 0
github.com/QuantumNous/new-api/model/main.go:390.42,391.42 1 0
github.com/QuantumNous/new-api/model/main.go:391.42,393.5 1 0
github.com/QuantumNous/new-api/model/main.go:395.3,395.15 1 0
github.com/QuantumNous/new-api/model/main.go:399.2,399.55 1 0
github.com/QuantumNous/new-api/model/main.go:399.55,402.3 1 0
github.com/QuantumNous/new-api/model/main.go:405.2,410.182 3 0
github.com/QuantumNous/new-api/model/main.go:410.182,412.3 1 0
github.com/QuantumNous/new-api/model/main.go:414.2,415.27 2 0
github.com/QuantumNous/new-api/model/main.go:415.27,417.47 1 0
github.com/QuantumNous/new-api/model/main.go:417.47,418.12 1 0
github.com/QuantumNous/new-api/model/main.go:420.3,424.42 4 0
github.com/QuantumNous/new-api/model/main.go:424.42,425.40 1 0
github.com/QuantumNous/new-api/model/main.go:425.40,427.10 2 0
github.com/QuantumNous/new-api/model/main.go:430.3,430.10 1 0
github.com/QuantumNous/new-api/model/main.go:430.10,432.4 1 0
github.com/QuantumNous/new-api/model/main.go:435.2,435.24 1 0
github.com/QuantumNous/new-api/model/main.go:435.24,439.27 3 0
github.com/QuantumNous/new-api/model/main.go:439.27,441.4 1 0
github.com/QuantumNous/new-api/model/main.go:442.3,445.4 1 0
github.com/QuantumNous/new-api/model/main.go:447.2,447.12 1 0
github.com/QuantumNous/new-api/model/main.go:455.21,459.47 3 0
github.com/QuantumNous/new-api/model/main.go:459.47,461.3 1 0
github.com/QuantumNous/new-api/model/main.go:463.2,464.16 2 0
github.com/QuantumNous/new-api/model/main.go:464.16,467.3 2 0
github.com/QuantumNous/new-api/model/main.go:469.2,470.16 2 0
github.com/QuantumNous/new-api/model/main.go:470.16,473.3 2 0
github.com/QuantumNous/new-api/model/main.go:475.2,477.12 3 0
github.com/QuantumNous/new-api/model/midjourney.go:36.99,43.28 4 0
github.com/QuantumNous/new-api/model/midjourney.go:43.28,45.3 1 0
github.com/QuantumNous/new-api/model/midjourney.go:46.2,46.38 1 0
github.com/QuantumNous/new-api/model/midjourney.go:46.38,49.3 1 0
github.com/QuantumNous/new-api/model/midjourney.go:50.2,50.36 1 0
github.com/QuantumNous/new-api/model/midjourney.go:50.36,52.3 1 0
github.com/QuantumNous/new-api/model/midjourney.go:55.2,56.16 2 0
github.com/QuantumNous/new-api/model/midjourney.go:56.16,58.3 1 0
github.com/QuantumNous/new-api/model/midjourney.go:60.2,60.14 1 0
github.com/QuantumNous/new-api/model/midjourney.go:63.84,71.33 4 0
github.com/QuantumNous/new-api/model/midjourney.go:71.33,73.3 1 0
github.com/QuantumNous/new-api/model/midjourney.go:74.2,74.28 1 0
github.com/QuantumNous/new-api/model/midjourney.go:74.28,76.3 1 0
github.com/QuantumNous/new-api/model/midjourney.go:77.2,77.38 1 0
github.com/QuantumNous/new-api/model/midjourney.go:77.38,79.3 1 0
github.com/QuantumNous/new-api/model/midjourney.go:80.2,80.36 1 0
github.com/QuantumNous/new-api/model/midjourney.go:80.36,82.3 1 0
github.com/QuantumNous/new-api/model/midjourney.go:85.2,86.16 2 0
github.com/QuantumNous/new-api/model/midjourney.go:86.16,88.3 1 0
github.com/QuantumNous/new-api/model/midjourney.go:90.2,90.14 1 0
github.com/QuantumNous/new-api/model/midjourney.go:93.42,98.16 4 0
github.com/QuantumNous/new-api/model/midjourney.go:98.16,100.3 1 0
github.com/QuantumNous/new-api/model/midjourney.go:101.2,101.14 1 0
github.com/QuantumNous/new-api/model/midjourney.go:104.45,108.16 4 0
github.com/QuantumNous/new-api/model/midjourney.go:108.16,110.3 1 0
github.com/QuantumNous/new-api/model/midjourney.go:111.2,111.11 1 0
github.com/QuantumNous/new-api/model/midjourney.go:114.53,118.16 4 0
github.com/QuantumNous/new-api/model/midjourney.go:118.16,120.3 1 0
github.com/QuantumNous/new-api/model/midjourney.go:121.2,121.11 1 0
github.com/QuantumNous/new-api/model/midjourney.go:124.59,128.16 4 0
github.com/QuantumNous/new-api/model/midjourney.go:128.16,130.3 1 0
github.com/QuantumNous/new-api/model/midjourney.go:131.2,131.11 1 0
github.com/QuantumNous/new-api/model/midjourney.go:134.37,138.16 4 0
github.com/QuantumNous/new-api/model/midjourney.go:138.16,140.3 1 0
github.com/QuantumNous/new-api/model/midjourney.go:141.2,141.11 1 0
github.com/QuantumNous/new-api/model/midjourney.go:144.52,146.2 1 0
github.com/QuantumNous/new-api/model/midjourney.go:148.46,152.2 3 0
github.com/QuantumNous/new-api/model/midjourney.go:154.46,158.2 3 0
github.com/QuantumNous/new-api/model/midjourney.go:160.64,164.2 1 0
github.com/QuantumNous/new-api/model/midjourney.go:166.72,170.2 1 0
github.com/QuantumNous/new-api/model/midjourney.go:173.55,176.33 3 0
github.com/QuantumNous/new-api/model/midjourney.go:176.33,178.3 1 0
github.com/QuantumNous/new-api/model/midjourney.go:179.2,179.28 1 0
github.com/QuantumNous/new-api/model/midjourney.go:179.28,181.3 1 0
github.com/QuantumNous/new-api/model/midjourney.go:182.2,182.38 1 0
github.com/QuantumNous/new-api/model/midjourney.go:182.38,184.3 1 0
github.com/QuantumNous/new-api/model/midjourney.go:185.2,185.36 1 0
github.com/QuantumNous/new-api/model/midjourney.go:185.36,187.3 1 0
github.com/QuantumNous/new-api/model/midjourney.go:188.2,189.14 2 0
github.com/QuantumNous/new-api/model/midjourney.go:193.70,196.28 3 0
github.com/QuantumNous/new-api/model/midjourney.go:196.28,198.3 1 0
github.com/QuantumNous/new-api/model/midjourney.go:199.2,199.38 1 0
github.com/QuantumNous/new-api/model/midjourney.go:199.38,201.3 1 0
github.com/QuantumNous/new-api/model/midjourney.go:202.2,202.36 1 0
github.com/QuantumNous/new-api/model/midjourney.go:202.36,204.3 1 0
github.com/QuantumNous/new-api/model/midjourney.go:205.2,206.14 2 0
github.com/QuantumNous/new-api/model/missing_models.go:4.43,7.22 2 0
github.com/QuantumNous/new-api/model/missing_models.go:7.22,9.3 1 0
github.com/QuantumNous/new-api/model/missing_models.go:12.2,13.113 2 0
github.com/QuantumNous/new-api/model/missing_models.go:13.113,15.3 1 0
github.com/QuantumNous/new-api/model/missing_models.go:17.2,18.29 2 0
github.com/QuantumNous/new-api/model/missing_models.go:18.29,20.3 1 0
github.com/QuantumNous/new-api/model/missing_models.go:23.2,24.30 2 0
github.com/QuantumNous/new-api/model/missing_models.go:24.30,25.38 1 0
github.com/QuantumNous/new-api/model/missing_models.go:25.38,27.4 1 0
github.com/QuantumNous/new-api/model/missing_models.go:29.2,29.21 1 0
github.com/QuantumNous/new-api/model/model_extra.go:3.54,7.21 2 0
github.com/QuantumNous/new-api/model/model_extra.go:7.21,9.3 1 0
github.com/QuantumNous/new-api/model/model_extra.go:11.2,14.9 4 0
github.com/QuantumNous/new-api/model/model_extra.go:14.9,16.3 1 0
github.com/QuantumNous/new-api/model/model_extra.go:17.2,17.15 1 0
github.com/QuantumNous/new-api/model/model_extra.go:21.49,27.9 5 0
github.com/QuantumNous/new-api/model/model_extra.go:27.9,29.3 1 0
github.com/QuantumNous/new-api/model/model_extra.go:30.2,30.21 1 0
github.com/QuantumNous/new-api/model/model_meta.go:46.33,51.2 4 0
github.com/QuantumNous/new-api/model/model_meta.go:53.63,54.16 1 0
github.com/QuantumNous/new-api/model/model_meta.go:54.16,56.3 1 0
github.com/QuantumNous/new-api/model/model_meta.go:57.2,59.21 3 0
github.com/QuantumNous/new-api/model/model_meta.go:62.33,70.2 2 0
github.com/QuantumNous/new-api/model/model_meta.go:72.33,74.2 1 0
github.com/QuantumNous/new-api/model/model_meta.go:76.54,84.34 2 0
github.com/QuantumNous/new-api/model/model_meta.go:84.34,86.3 1 0
github.com/QuantumNous/new-api/model/model_meta.go:87.2,88.26 2 0
github.com/QuantumNous/new-api/model/model_meta.go:88.26,90.3 1 0
github.com/QuantumNous/new-api/model/model_meta.go:91.2,91.15 1 0
github.com/QuantumNous/new-api/model/model_meta.go:94.60,98.2 3 0
github.com/QuantumNous/new-api/model/model_meta.go:100.90,102.26 2 0
github.com/QuantumNous/new-api/model/model_meta.go:102.26,104.3 1 0
github.com/QuantumNous/new-api/model/model_meta.go:105.2,117.16 4 0
github.com/QuantumNous/new-api/model/model_meta.go:117.16,119.3 1 0
github.com/QuantumNous/new-api/model/model_meta.go:120.2,120.25 1 0
github.com/QuantumNous/new-api/model/model_meta.go:120.25,122.3 1 0
github.com/QuantumNous/new-api/model/model_meta.go:123.2,123.20 1 0
github.com/QuantumNous/new-api/model/model_meta.go:126.98,129.19 3 0
github.com/QuantumNous/new-api/model/model_meta.go:129.19,132.3 2 0
github.com/QuantumNous/new-api/model/model_meta.go:133.2,133.18 1 0
github.com/QuantumNous/new-api/model/model_meta.go:133.18,134.51 1 0
github.com/QuantumNous/new-api/model/model_meta.go:134.51,136.4 1 0
github.com/QuantumNous/new-api/model/model_meta.go:136.9,138.4 1 0
github.com/QuantumNous/new-api/model/model_meta.go:140.2,141.47 2 0
github.com/QuantumNous/new-api/model/model_meta.go:141.47,143.3 1 0
github.com/QuantumNous/new-api/model/model_meta.go:144.2,144.99 1 0
github.com/QuantumNous/new-api/model/model_meta.go:144.99,146.3 1 0
github.com/QuantumNous/new-api/model/model_meta.go:147.2,147.27 1 0
github.com/QuantumNous/new-api/model/option.go:21.37,26.2 4 0
github.com/QuantumNous/new-api/model/option.go:28.22,150.33 116 0
github.com/QuantumNous/new-api/model/option.go:150.33,152.3 1 0
github.com/QuantumNous/new-api/model/option.go:154.2,155.27 2 0
github.com/QuantumNous/new-api/model/option.go:158.32,160.33 2 0
github.com/QuantumNous/new-api/model/option.go:160.33,162.17 2 0
github.com/QuantumNous/new-api/model/option.go:162.17,164.4 1 0
github.com/QuantumNous/new-api/model/option.go:168.33,169.6 1 0
github.com/QuantumNous/new-api/model/option.go:169.6,173.3 3 0
github.com/QuantumNous/new-api/model/option.go:176.51,190.2 5 0
github.com/QuantumNous/new-api/model/option.go:192.60,198.36 4 0
github.com/QuantumNous/new-api/model/option.go:198.36,200.3 1 0
github.com/QuantumNous/new-api/model/option.go:203.2,203.42 1 0
github.com/QuantumNous/new-api/model/option.go:203.42,205.14 2 0
github.com/QuantumNous/new-api/model/option.go:206.31,207.42 1 0
github.com/QuantumNous/new-api/model/option.go:208.33,209.44 1 0
github.com/QuantumNous/new-api/model/option.go:210.32,211.43 1 0
github.com/QuantumNous/new-api/model/option.go:212.34,213.45 1 0
github.com/QuantumNous/new-api/model/option.go:216.2,216.106 1 0
github.com/QuantumNous/new-api/model/option.go:216.106,218.14 2 0
github.com/QuantumNous/new-api/model/option.go:219.34,220.46 1 0
github.com/QuantumNous/new-api/model/option.go:221.31,222.43 1 0
github.com/QuantumNous/new-api/model/option.go:223.35,224.47 1 0
github.com/QuantumNous/new-api/model/option.go:225.29,226.41 1 0
github.com/QuantumNous/new-api/model/option.go:227.30,228.42 1 0
github.com/QuantumNous/new-api/model/option.go:229.28,230.40 1 0
github.com/QuantumNous/new-api/model/option.go:231.31,232.43 1 0
github.com/QuantumNous/new-api/model/option.go:233.32,234.44 1 0
github.com/QuantumNous/new-api/model/option.go:235.26,236.38 1 0
github.com/QuantumNous/new-api/model/option.go:237.40,238.52 1 0
github.com/QuantumNous/new-api/model/option.go:239.39,240.51 1 0
github.com/QuantumNous/new-api/model/option.go:241.41,242.53 1 0
github.com/QuantumNous/new-api/model/option.go:243.40,244.52 1 0
github.com/QuantumNous/new-api/model/option.go:245.28,246.40 1 0
github.com/QuantumNous/new-api/model/option.go:247.35,251.18 2 0
github.com/QuantumNous/new-api/model/option.go:251.18,253.5 1 0
github.com/QuantumNous/new-api/model/option.go:254.4,254.69 1 0
github.com/QuantumNous/new-api/model/option.go:254.69,256.5 1 0
github.com/QuantumNous/new-api/model/option.go:257.34,258.46 1 0
github.com/QuantumNous/new-api/model/option.go:259.25,260.37 1 0
github.com/QuantumNous/new-api/model/option.go:261.22,262.34 1 0
github.com/QuantumNous/new-api/model/option.go:263.28,264.40 1 0
github.com/QuantumNous/new-api/model/option.go:265.33,266.45 1 0
github.com/QuantumNous/new-api/model/option.go:267.26,268.39 1 0
github.com/QuantumNous/new-api/model/option.go:269.33,270.46 1 0
github.com/QuantumNous/new-api/model/option.go:271.29,272.42 1 0
github.com/QuantumNous/new-api/model/option.go:273.30,274.43 1 0
github.com/QuantumNous/new-api/model/option.go:275.38,276.51 1 0
github.com/QuantumNous/new-api/model/option.go:277.32,278.45 1 0
github.com/QuantumNous/new-api/model/option.go:279.26,280.49 1 0
github.com/QuantumNous/new-api/model/option.go:281.29,282.52 1 0
github.com/QuantumNous/new-api/model/option.go:283.40,284.53 1 0
github.com/QuantumNous/new-api/model/option.go:285.39,286.52 1 0
github.com/QuantumNous/new-api/model/option.go:287.33,288.46 1 0
github.com/QuantumNous/new-api/model/option.go:289.25,290.37 1 0
github.com/QuantumNous/new-api/model/option.go:291.45,292.65 1 0
github.com/QuantumNous/new-api/model/option.go:293.30,294.43 1 0
github.com/QuantumNous/new-api/model/option.go:295.29,296.50 1 0
github.com/QuantumNous/new-api/model/option.go:299.2,299.13 1 0
github.com/QuantumNous/new-api/model/option.go:300.30,301.58 1 0
github.com/QuantumNous/new-api/model/option.go:302.20,303.28 1 0
github.com/QuantumNous/new-api/model/option.go:304.18,306.29 2 0
github.com/QuantumNous/new-api/model/option.go:307.21,308.29 1 0
github.com/QuantumNous/new-api/model/option.go:309.18,310.26 1 0
github.com/QuantumNous/new-api/model/option.go:311.19,312.27 1 0
github.com/QuantumNous/new-api/model/option.go:313.23,314.39 1 0
github.com/QuantumNous/new-api/model/option.go:315.19,316.35 1 0
github.com/QuantumNous/new-api/model/option.go:317.24,318.40 1 0
github.com/QuantumNous/new-api/model/option.go:319.20,320.39 1 0
github.com/QuantumNous/new-api/model/option.go:321.15,322.47 1 0
github.com/QuantumNous/new-api/model/option.go:323.20,324.52 1 0
github.com/QuantumNous/new-api/model/option.go:325.31,326.50 1 0
github.com/QuantumNous/new-api/model/option.go:327.16,328.35 1 0
github.com/QuantumNous/new-api/model/option.go:329.17,330.36 1 0
github.com/QuantumNous/new-api/model/option.go:331.15,332.61 1 0
github.com/QuantumNous/new-api/model/option.go:333.25,334.71 1 0
github.com/QuantumNous/new-api/model/option.go:335.18,336.54 1 0
github.com/QuantumNous/new-api/model/option.go:337.25,338.34 1 0
github.com/QuantumNous/new-api/model/option.go:339.29,340.38 1 0
github.com/QuantumNous/new-api/model/option.go:341.23,342.32 1 0
github.com/QuantumNous/new-api/model/option.go:343.25,344.61 1 0
github.com/QuantumNous/new-api/model/option.go:345.24,346.50 1 0
github.com/QuantumNous/new-api/model/option.go:347.37,348.56 1 0
github.com/QuantumNous/new-api/model/option.go:349.21,350.30 1 0
github.com/QuantumNous/new-api/model/option.go:351.23,352.32 1 0
github.com/QuantumNous/new-api/model/option.go:353.23,354.42 1 0
github.com/QuantumNous/new-api/model/option.go:355.28,356.37 1 0
github.com/QuantumNous/new-api/model/option.go:357.25,358.56 1 0
github.com/QuantumNous/new-api/model/option.go:359.24,360.32 1 0
github.com/QuantumNous/new-api/model/option.go:361.28,362.36 1 0
github.com/QuantumNous/new-api/model/option.go:363.25,364.33 1 0
github.com/QuantumNous/new-api/model/option.go:365.29,366.37 1 0
github.com/QuantumNous/new-api/model/option.go:367.34,368.59 1 0
github.com/QuantumNous/new-api/model/option.go:369.16,370.24 1 0
github.com/QuantumNous/new-api/model/option.go:371.20,372.28 1 0
github.com/QuantumNous/new-api/model/option.go:373.14,374.22 1 0
github.com/QuantumNous/new-api/model/option.go:375.29,376.37 1 0
github.com/QuantumNous/new-api/model/option.go:377.27,378.35 1 0
github.com/QuantumNous/new-api/model/option.go:379.37,380.45 1 0
github.com/QuantumNous/new-api/model/option.go:381.26,382.34 1 0
github.com/QuantumNous/new-api/model/option.go:383.25,384.33 1 0
github.com/QuantumNous/new-api/model/option.go:385.26,386.34 1 0
github.com/QuantumNous/new-api/model/option.go:387.28,388.36 1 0
github.com/QuantumNous/new-api/model/option.go:389.25,390.50 1 0
github.com/QuantumNous/new-api/model/option.go:391.25,392.50 1 0
github.com/QuantumNous/new-api/model/option.go:393.25,394.50 1 0
github.com/QuantumNous/new-api/model/option.go:395.30,396.55 1 0
github.com/QuantumNous/new-api/model/option.go:397.26,398.51 1 0
github.com/QuantumNous/new-api/model/option.go:399.36,400.62 1 0
github.com/QuantumNous/new-api/model/option.go:401.46,402.72 1 0
github.com/QuantumNous/new-api/model/option.go:403.43,404.69 1 0
github.com/QuantumNous/new-api/model/option.go:405.36,406.68 1 0
github.com/QuantumNous/new-api/model/option.go:407.20,408.45 1 0
github.com/QuantumNous/new-api/model/option.go:409.28,410.53 1 0
github.com/QuantumNous/new-api/model/option.go:411.31,412.39 1 0
github.com/QuantumNous/new-api/model/option.go:413.20,414.58 1 0
github.com/QuantumNous/new-api/model/option.go:415.20,416.58 1 0
github.com/QuantumNous/new-api/model/option.go:417.25,418.63 1 0
github.com/QuantumNous/new-api/model/option.go:419.26,420.58 1 0
github.com/QuantumNous/new-api/model/option.go:421.25,422.63 1 0
github.com/QuantumNous/new-api/model/option.go:423.20,424.58 1 0
github.com/QuantumNous/new-api/model/option.go:425.20,426.58 1 0
github.com/QuantumNous/new-api/model/option.go:427.20,428.58 1 0
github.com/QuantumNous/new-api/model/option.go:429.20,430.58 1 0
github.com/QuantumNous/new-api/model/option.go:431.30,432.68 1 0
github.com/QuantumNous/new-api/model/option.go:433.19,434.27 1 0
github.com/QuantumNous/new-api/model/option.go:439.33,440.68 1 0
github.com/QuantumNous/new-api/model/option.go:441.22,442.57 1 0
github.com/QuantumNous/new-api/model/option.go:443.24,444.42 1 0
github.com/QuantumNous/new-api/model/option.go:445.34,446.62 1 0
github.com/QuantumNous/new-api/model/option.go:447.32,448.58 1 0
github.com/QuantumNous/new-api/model/option.go:449.20,450.62 1 0
github.com/QuantumNous/new-api/model/option.go:452.2,452.12 1 0
github.com/QuantumNous/new-api/model/option.go:456.49,458.21 2 0
github.com/QuantumNous/new-api/model/option.go:458.21,460.3 1 0
github.com/QuantumNous/new-api/model/option.go:462.2,467.16 4 0
github.com/QuantumNous/new-api/model/option.go:467.16,469.3 1 0
github.com/QuantumNous/new-api/model/option.go:472.2,477.13 3 0
github.com/QuantumNous/new-api/model/passkey.go:44.79,45.55 1 0
github.com/QuantumNous/new-api/model/passkey.go:45.55,47.3 1 0
github.com/QuantumNous/new-api/model/passkey.go:48.2,49.74 2 0
github.com/QuantumNous/new-api/model/passkey.go:49.74,51.3 1 0
github.com/QuantumNous/new-api/model/passkey.go:52.2,53.39 2 0
github.com/QuantumNous/new-api/model/passkey.go:53.39,55.3 1 0
github.com/QuantumNous/new-api/model/passkey.go:56.2,56.15 1 0
github.com/QuantumNous/new-api/model/passkey.go:59.83,60.20 1 0
github.com/QuantumNous/new-api/model/passkey.go:60.20,63.3 2 0
github.com/QuantumNous/new-api/model/passkey.go:64.2,65.33 2 0
github.com/QuantumNous/new-api/model/passkey.go:65.33,67.3 1 0
github.com/QuantumNous/new-api/model/passkey.go:68.2,69.16 2 0
github.com/QuantumNous/new-api/model/passkey.go:69.16,71.3 1 0
github.com/QuantumNous/new-api/model/passkey.go:72.2,72.32 1 0
github.com/QuantumNous/new-api/model/passkey.go:75.72,100.2 5 0
github.com/QuantumNous/new-api/model/passkey.go:102.103,103.23 1 0
github.com/QuantumNous/new-api/model/passkey.go:103.23,105.3 1 0
github.com/QuantumNous/new-api/model/passkey.go:106.2,121.16 3 0
github.com/QuantumNous/new-api/model/passkey.go:124.87,125.35 1 0
github.com/QuantumNous/new-api/model/passkey.go:125.35,127.3 1 0
github.com/QuantumNous/new-api/model/passkey.go:128.2,139.39 12 0
github.com/QuantumNous/new-api/model/passkey.go:142.65,143.17 1 0
github.com/QuantumNous/new-api/model/passkey.go:143.17,146.3 2 0
github.com/QuantumNous/new-api/model/passkey.go:147.2,148.81 2 0
github.com/QuantumNous/new-api/model/passkey.go:148.81,149.45 1 0
github.com/QuantumNous/new-api/model/passkey.go:149.45,152.4 1 0
github.com/QuantumNous/new-api/model/passkey.go:154.3,155.41 2 0
github.com/QuantumNous/new-api/model/passkey.go:157.2,157.25 1 0
github.com/QuantumNous/new-api/model/passkey.go:160.80,161.28 1 0
github.com/QuantumNous/new-api/model/passkey.go:161.28,164.3 2 0
github.com/QuantumNous/new-api/model/passkey.go:166.2,168.90 3 0
github.com/QuantumNous/new-api/model/passkey.go:168.90,169.45 1 0
github.com/QuantumNous/new-api/model/passkey.go:169.45,172.4 2 0
github.com/QuantumNous/new-api/model/passkey.go:173.3,174.41 2 0
github.com/QuantumNous/new-api/model/passkey.go:177.2,177.25 1 0
github.com/QuantumNous/new-api/model/passkey.go:180.67,181.23 1 0
github.com/QuantumNous/new-api/model/passkey.go:181.23,184.3 2 0
github.com/QuantumNous/new-api/model/passkey.go:185.2,185.48 1 0
github.com/QuantumNous/new-api/model/passkey.go:185.48,187.114 1 0
github.com/QuantumNous/new-api/model/passkey.go:187.114,190.4 2 0
github.com/QuantumNous/new-api/model/passkey.go:191.3,191.53 1 0
github.com/QuantumNous/new-api/model/passkey.go:191.53,194.4 2 0
github.com/QuantumNous/new-api/model/passkey.go:195.3,195.13 1 0
github.com/QuantumNous/new-api/model/passkey.go:199.46,200.17 1 0
github.com/QuantumNous/new-api/model/passkey.go:200.17,203.3 2 0
github.com/QuantumNous/new-api/model/passkey.go:205.2,205.102 1 0
github.com/QuantumNous/new-api/model/passkey.go:205.102,208.3 2 0
github.com/QuantumNous/new-api/model/passkey.go:209.2,209.12 1 0
github.com/QuantumNous/new-api/model/prefill_group.go:23.50,24.14 1 0
github.com/QuantumNous/new-api/model/prefill_group.go:24.14,26.3 1 0
github.com/QuantumNous/new-api/model/prefill_group.go:27.2,27.23 1 0
github.com/QuantumNous/new-api/model/prefill_group.go:31.51,32.27 1 0
github.com/QuantumNous/new-api/model/prefill_group.go:33.11,35.13 2 0
github.com/QuantumNous/new-api/model/prefill_group.go:36.14,41.13 4 0
github.com/QuantumNous/new-api/model/prefill_group.go:42.14,44.13 2 0
github.com/QuantumNous/new-api/model/prefill_group.go:45.10,48.17 2 0
github.com/QuantumNous/new-api/model/prefill_group.go:48.17,50.4 1 0
github.com/QuantumNous/new-api/model/prefill_group.go:51.3,52.13 2 0
github.com/QuantumNous/new-api/model/prefill_group.go:57.50,58.14 1 0
github.com/QuantumNous/new-api/model/prefill_group.go:58.14,60.3 1 0
github.com/QuantumNous/new-api/model/prefill_group.go:61.2,61.15 1 0
github.com/QuantumNous/new-api/model/prefill_group.go:65.54,66.17 1 0
github.com/QuantumNous/new-api/model/prefill_group.go:66.17,69.3 2 0
github.com/QuantumNous/new-api/model/prefill_group.go:70.2,73.12 4 0
github.com/QuantumNous/new-api/model/prefill_group.go:88.39,93.2 4 0
github.com/QuantumNous/new-api/model/prefill_group.go:96.70,97.16 1 0
github.com/QuantumNous/new-api/model/prefill_group.go:97.16,99.3 1 0
github.com/QuantumNous/new-api/model/prefill_group.go:100.2,102.21 3 0
github.com/QuantumNous/new-api/model/prefill_group.go:106.39,109.2 2 0
github.com/QuantumNous/new-api/model/prefill_group.go:112.43,114.2 1 0
github.com/QuantumNous/new-api/model/prefill_group.go:117.69,120.21 3 0
github.com/QuantumNous/new-api/model/prefill_group.go:120.21,122.3 1 0
github.com/QuantumNous/new-api/model/prefill_group.go:123.2,123.77 1 0
github.com/QuantumNous/new-api/model/prefill_group.go:123.77,125.3 1 0
github.com/QuantumNous/new-api/model/prefill_group.go:126.2,126.20 1 0
github.com/QuantumNous/new-api/model/pricing.go:57.29,58.76 1 0
github.com/QuantumNous/new-api/model/pricing.go:58.76,62.77 3 0
github.com/QuantumNous/new-api/model/pricing.go:62.77,66.4 3 0
github.com/QuantumNous/new-api/model/pricing.go:68.2,68.19 1 0
github.com/QuantumNous/new-api/model/pricing.go:72.35,73.76 1 0
github.com/QuantumNous/new-api/model/pricing.go:73.76,76.3 1 0
github.com/QuantumNous/new-api/model/pricing.go:77.2,77.20 1 0
github.com/QuantumNous/new-api/model/pricing.go:80.73,81.17 1 0
github.com/QuantumNous/new-api/model/pricing.go:81.17,83.3 1 0
github.com/QuantumNous/new-api/model/pricing.go:84.2,86.59 3 0
github.com/QuantumNous/new-api/model/pricing.go:86.59,88.3 1 0
github.com/QuantumNous/new-api/model/pricing.go:89.2,89.41 1 0
github.com/QuantumNous/new-api/model/pricing.go:92.22,95.16 2 0
github.com/QuantumNous/new-api/model/pricing.go:95.16,98.3 2 0
github.com/QuantumNous/new-api/model/pricing.go:100.2,106.25 7 0
github.com/QuantumNous/new-api/model/pricing.go:106.25,108.34 2 0
github.com/QuantumNous/new-api/model/pricing.go:108.34,110.4 1 0
github.com/QuantumNous/new-api/model/pricing.go:110.9,111.22 1 0
github.com/QuantumNous/new-api/model/pricing.go:112.24,113.39 1 0
github.com/QuantumNous/new-api/model/pricing.go:114.24,115.39 1 0
github.com/QuantumNous/new-api/model/pricing.go:116.26,117.43 1 0
github.com/QuantumNous/new-api/model/pricing.go:123.2,123.31 1 0
github.com/QuantumNous/new-api/model/pricing.go:123.31,124.48 1 0
github.com/QuantumNous/new-api/model/pricing.go:124.48,125.58 1 0
github.com/QuantumNous/new-api/model/pricing.go:125.58,126.58 1 0
github.com/QuantumNous/new-api/model/pricing.go:126.58,128.6 1 0
github.com/QuantumNous/new-api/model/pricing.go:132.2,132.31 1 0
github.com/QuantumNous/new-api/model/pricing.go:132.31,133.48 1 0
github.com/QuantumNous/new-api/model/pricing.go:133.48,134.58 1 0
github.com/QuantumNous/new-api/model/pricing.go:134.58,135.58 1 0
github.com/QuantumNous/new-api/model/pricing.go:135.58,137.6 1 0
github.com/QuantumNous/new-api/model/pricing.go:141.2,141.33 1 0
github.com/QuantumNous/new-api/model/pricing.go:141.33,142.48 1 0
github.com/QuantumNous/new-api/model/pricing.go:142.48,143.57 1 0
github.com/QuantumNous/new-api/model/pricing.go:143.57,144.58 1 0
github.com/QuantumNous/new-api/model/pricing.go:144.58,146.6 1 0
github.com/QuantumNous/new-api/model/pricing.go:152.2,155.25 4 0
github.com/QuantumNous/new-api/model/pricing.go:155.25,157.3 1 0
github.com/QuantumNous/new-api/model/pricing.go:160.2,164.30 3 0
github.com/QuantumNous/new-api/model/pricing.go:164.30,171.3 1 0
github.com/QuantumNous/new-api/model/pricing.go:173.2,175.42 2 0
github.com/QuantumNous/new-api/model/pricing.go:175.42,177.10 2 0
github.com/QuantumNous/new-api/model/pricing.go:177.10,180.4 2 0
github.com/QuantumNous/new-api/model/pricing.go:181.3,181.28 1 0
github.com/QuantumNous/new-api/model/pricing.go:185.2,188.42 2 0
github.com/QuantumNous/new-api/model/pricing.go:188.42,191.44 3 0
github.com/QuantumNous/new-api/model/pricing.go:191.44,192.63 1 0
github.com/QuantumNous/new-api/model/pricing.go:192.63,194.5 1 0
github.com/QuantumNous/new-api/model/pricing.go:196.3,196.54 1 0
github.com/QuantumNous/new-api/model/pricing.go:200.2,200.39 1 0
github.com/QuantumNous/new-api/model/pricing.go:200.39,201.46 1 0
github.com/QuantumNous/new-api/model/pricing.go:201.46,202.12 1 0
github.com/QuantumNous/new-api/model/pricing.go:204.3,205.70 2 0
github.com/QuantumNous/new-api/model/pricing.go:205.70,207.23 2 0
github.com/QuantumNous/new-api/model/pricing.go:207.23,208.46 1 0
github.com/QuantumNous/new-api/model/pricing.go:208.46,210.6 1 0
github.com/QuantumNous/new-api/model/pricing.go:212.4,212.51 1 0
github.com/QuantumNous/new-api/model/pricing.go:216.2,217.57 2 0
github.com/QuantumNous/new-api/model/pricing.go:217.57,219.41 2 0
github.com/QuantumNous/new-api/model/pricing.go:219.41,222.4 2 0
github.com/QuantumNous/new-api/model/pricing.go:223.3,223.56 1 0
github.com/QuantumNous/new-api/model/pricing.go:227.2,229.54 2 0
github.com/QuantumNous/new-api/model/pricing.go:229.54,230.32 1 0
github.com/QuantumNous/new-api/model/pricing.go:230.32,231.57 1 0
github.com/QuantumNous/new-api/model/pricing.go:231.57,232.63 1 0
github.com/QuantumNous/new-api/model/pricing.go:232.63,234.6 1 0
github.com/QuantumNous/new-api/model/pricing.go:239.2,239.31 1 0
github.com/QuantumNous/new-api/model/pricing.go:239.31,240.46 1 0
github.com/QuantumNous/new-api/model/pricing.go:240.46,241.12 1 0
github.com/QuantumNous/new-api/model/pricing.go:243.3,244.70 2 0
github.com/QuantumNous/new-api/model/pricing.go:244.70,245.26 1 0
github.com/QuantumNous/new-api/model/pricing.go:245.26,246.28 1 0
github.com/QuantumNous/new-api/model/pricing.go:247.17,248.78 1 0
github.com/QuantumNous/new-api/model/pricing.go:249.33,251.43 2 0
github.com/QuantumNous/new-api/model/pricing.go:251.43,253.7 1 0
github.com/QuantumNous/new-api/model/pricing.go:254.6,254.45 1 0
github.com/QuantumNous/new-api/model/pricing.go:254.45,256.7 1 0
github.com/QuantumNous/new-api/model/pricing.go:257.6,257.34 1 0
github.com/QuantumNous/new-api/model/pricing.go:258.13,258.13 0 0
github.com/QuantumNous/new-api/model/pricing.go:265.2,266.44 2 0
github.com/QuantumNous/new-api/model/pricing.go:266.44,274.37 2 0
github.com/QuantumNous/new-api/model/pricing.go:274.37,276.24 1 0
github.com/QuantumNous/new-api/model/pricing.go:276.24,277.13 1 0
github.com/QuantumNous/new-api/model/pricing.go:279.4,282.36 4 0
github.com/QuantumNous/new-api/model/pricing.go:284.3,285.16 2 0
github.com/QuantumNous/new-api/model/pricing.go:285.16,288.4 2 0
github.com/QuantumNous/new-api/model/pricing.go:288.9,293.4 4 0
github.com/QuantumNous/new-api/model/pricing.go:294.3,294.43 1 0
github.com/QuantumNous/new-api/model/pricing.go:298.2,301.31 4 0
github.com/QuantumNous/new-api/model/pricing.go:301.31,304.3 2 0
github.com/QuantumNous/new-api/model/pricing.go:305.2,307.33 2 0
github.com/QuantumNous/new-api/model/pricing.go:311.63,313.2 1 0
github.com/QuantumNous/new-api/model/pricing_default.go:71.123,72.42 1 0
github.com/QuantumNous/new-api/model/pricing_default.go:72.42,74.46 2 0
github.com/QuantumNous/new-api/model/pricing_default.go:74.46,75.12 1 0
github.com/QuantumNous/new-api/model/pricing_default.go:79.3,81.55 3 0
github.com/QuantumNous/new-api/model/pricing_default.go:81.55,82.45 1 0
github.com/QuantumNous/new-api/model/pricing_default.go:82.45,84.10 2 0
github.com/QuantumNous/new-api/model/pricing_default.go:89.3,94.4 1 0
github.com/QuantumNous/new-api/model/pricing_default.go:99.74,101.36 1 0
github.com/QuantumNous/new-api/model/pricing_default.go:101.36,102.32 1 0
github.com/QuantumNous/new-api/model/pricing_default.go:102.32,104.4 1 0
github.com/QuantumNous/new-api/model/pricing_default.go:108.2,114.43 2 0
github.com/QuantumNous/new-api/model/pricing_default.go:114.43,116.3 1 0
github.com/QuantumNous/new-api/model/pricing_default.go:118.2,119.21 2 0
github.com/QuantumNous/new-api/model/pricing_default.go:123.53,124.60 1 0
github.com/QuantumNous/new-api/model/pricing_default.go:124.60,126.3 1 0
github.com/QuantumNous/new-api/model/pricing_default.go:127.2,127.11 1 0
github.com/QuantumNous/new-api/model/pricing_refresh.go:6.23,14.2 5 0
github.com/QuantumNous/new-api/model/redemption.go:29.99,32.21 2 0
github.com/QuantumNous/new-api/model/redemption.go:32.21,34.3 1 0
github.com/QuantumNous/new-api/model/redemption.go:35.2,35.15 1 0
github.com/QuantumNous/new-api/model/redemption.go:35.15,36.31 1 0
github.com/QuantumNous/new-api/model/redemption.go:36.31,38.4 1 0
github.com/QuantumNous/new-api/model/redemption.go:42.2,43.16 2 0
github.com/QuantumNous/new-api/model/redemption.go:43.16,46.3 2 0
github.com/QuantumNous/new-api/model/redemption.go:49.2,50.16 2 0
github.com/QuantumNous/new-api/model/redemption.go:50.16,53.3 2 0
github.com/QuantumNous/new-api/model/redemption.go:56.2,56.41 1 0
github.com/QuantumNous/new-api/model/redemption.go:56.41,58.3 1 0
github.com/QuantumNous/new-api/model/redemption.go:60.2,60.32 1 0
github.com/QuantumNous/new-api/model/redemption.go:63.115,65.21 2 0
github.com/QuantumNous/new-api/model/redemption.go:65.21,67.3 1 0
github.com/QuantumNous/new-api/model/redemption.go:68.2,68.15 1 0
github.com/QuantumNous/new-api/model/redemption.go:68.15,69.31 1 0
github.com/QuantumNous/new-api/model/redemption.go:69.31,71.4 1 0
github.com/QuantumNous/new-api/model/redemption.go:75.2,78.50 2 0
github.com/QuantumNous/new-api/model/redemption.go:78.50,80.3 1 0
github.com/QuantumNous/new-api/model/redemption.go:80.8,82.3 1 0
github.com/QuantumNous/new-api/model/redemption.go:85.2,86.16 2 0
github.com/QuantumNous/new-api/model/redemption.go:86.16,89.3 2 0
github.com/QuantumNous/new-api/model/redemption.go:92.2,93.16 2 0
github.com/QuantumNous/new-api/model/redemption.go:93.16,96.3 2 0
github.com/QuantumNous/new-api/model/redemption.go:98.2,98.41 1 0
github.com/QuantumNous/new-api/model/redemption.go:98.41,100.3 1 0
github.com/QuantumNous/new-api/model/redemption.go:102.2,102.32 1 0
github.com/QuantumNous/new-api/model/redemption.go:105.53,106.13 1 0
github.com/QuantumNous/new-api/model/redemption.go:106.13,108.3 1 0
github.com/QuantumNous/new-api/model/redemption.go:109.2,112.25 4 0
github.com/QuantumNous/new-api/model/redemption.go:115.60,116.15 1 0
github.com/QuantumNous/new-api/model/redemption.go:116.15,118.3 1 0
[...]
github.com/QuantumNous/new-api/service/token_counter.go:130.131,133.4 2 0
github.com/QuantumNous/new-api/service/token_counter.go:133.9,133.66 1 0
github.com/QuantumNous/new-api/service/token_counter.go:133.66,136.4 2 0
github.com/QuantumNous/new-api/service/token_counter.go:136.9,136.126 1 0
github.com/QuantumNous/new-api/service/token_counter.go:136.126,139.4 2 0
github.com/QuantumNous/new-api/service/token_counter.go:143.2,143.47 1 0
github.com/QuantumNous/new-api/service/token_counter.go:143.47,145.3 1 0
github.com/QuantumNous/new-api/service/token_counter.go:148.2,148.29 1 0
github.com/QuantumNous/new-api/service/token_counter.go:148.29,150.3 1 0
github.com/QuantumNous/new-api/service/token_counter.go:152.2,152.49 1 0
github.com/QuantumNous/new-api/service/token_counter.go:152.49,154.3 1 0
github.com/QuantumNous/new-api/service/token_counter.go:156.2,156.56 1 0
github.com/QuantumNous/new-api/service/token_counter.go:156.56,158.3 1 0
github.com/QuantumNous/new-api/service/token_counter.go:161.2,166.32 5 0
github.com/QuantumNous/new-api/service/token_counter.go:166.32,168.3 1 0
github.com/QuantumNous/new-api/service/token_counter.go:168.8,169.53 1 0
github.com/QuantumNous/new-api/service/token_counter.go:169.53,171.4 1 0
github.com/QuantumNous/new-api/service/token_counter.go:171.9,174.4 2 0
github.com/QuantumNous/new-api/service/token_counter.go:175.3,175.29 1 0
github.com/QuantumNous/new-api/service/token_counter.go:178.2,178.16 1 0
github.com/QuantumNous/new-api/service/token_counter.go:178.16,180.3 1 0
github.com/QuantumNous/new-api/service/token_counter.go:182.2,182.45 1 0
github.com/QuantumNous/new-api/service/token_counter.go:182.45,184.35 1 0
github.com/QuantumNous/new-api/service/token_counter.go:184.35,187.4 1 0
github.com/QuantumNous/new-api/service/token_counter.go:188.3,188.93 1 0
github.com/QuantumNous/new-api/service/token_counter.go:191.2,195.18 4 0
github.com/QuantumNous/new-api/service/token_counter.go:195.18,197.33 1 0
github.com/QuantumNous/new-api/service/token_counter.go:197.33,197.59 1 0
github.com/QuantumNous/new-api/service/token_counter.go:198.3,201.24 4 0
github.com/QuantumNous/new-api/service/token_counter.go:201.24,211.35 8 0
github.com/QuantumNous/new-api/service/token_counter.go:211.35,213.5 1 0
github.com/QuantumNous/new-api/service/token_counter.go:214.4,219.26 6 0
github.com/QuantumNous/new-api/service/token_counter.go:219.26,221.5 1 0
github.com/QuantumNous/new-api/service/token_counter.go:222.4,222.66 1 0
github.com/QuantumNous/new-api/service/token_counter.go:225.3,226.65 2 0
github.com/QuantumNous/new-api/service/token_counter.go:231.2,233.20 3 0
github.com/QuantumNous/new-api/service/token_counter.go:233.20,235.3 1 0
github.com/QuantumNous/new-api/service/token_counter.go:236.2,241.18 4 0
github.com/QuantumNous/new-api/service/token_counter.go:241.18,243.3 1 0
github.com/QuantumNous/new-api/service/token_counter.go:244.2,253.25 7 0
github.com/QuantumNous/new-api/service/token_counter.go:253.25,255.3 1 0
github.com/QuantumNous/new-api/service/token_counter.go:257.2,257.43 1 0
github.com/QuantumNous/new-api/service/token_counter.go:260.110,262.26 1 0
github.com/QuantumNous/new-api/service/token_counter.go:262.26,264.3 1 0
github.com/QuantumNous/new-api/service/token_counter.go:266.2,266.17 1 0
github.com/QuantumNous/new-api/service/token_counter.go:266.17,268.3 1 0
github.com/QuantumNous/new-api/service/token_counter.go:270.2,270.57 1 0
github.com/QuantumNous/new-api/service/token_counter.go:270.57,272.3 1 0
github.com/QuantumNous/new-api/service/token_counter.go:273.2,273.118 1 0
github.com/QuantumNous/new-api/service/token_counter.go:273.118,275.17 2 0
github.com/QuantumNous/new-api/service/token_counter.go:275.17,277.4 1 0
github.com/QuantumNous/new-api/service/token_counter.go:278.3,280.42 3 0
github.com/QuantumNous/new-api/service/token_counter.go:280.42,282.18 2 0
github.com/QuantumNous/new-api/service/token_counter.go:282.18,284.5 1 0
github.com/QuantumNous/new-api/service/token_counter.go:285.4,289.18 4 0
github.com/QuantumNous/new-api/service/token_counter.go:289.18,291.5 1 0
github.com/QuantumNous/new-api/service/token_counter.go:293.4,293.73 1 0
github.com/QuantumNous/new-api/service/token_counter.go:295.3,295.30 1 0
github.com/QuantumNous/new-api/service/token_counter.go:298.2,301.49 3 0
github.com/QuantumNous/new-api/service/token_counter.go:301.49,303.3 1 0
github.com/QuantumNous/new-api/service/token_counter.go:303.8,305.3 1 0
github.com/QuantumNous/new-api/service/token_counter.go:307.2,307.49 1 0
github.com/QuantumNous/new-api/service/token_counter.go:307.49,312.3 4 0
github.com/QuantumNous/new-api/service/token_counter.go:314.2,316.49 2 0
github.com/QuantumNous/new-api/service/token_counter.go:316.49,318.3 1 0
github.com/QuantumNous/new-api/service/token_counter.go:321.2,321.29 1 0
github.com/QuantumNous/new-api/service/token_counter.go:321.29,323.3 1 0
github.com/QuantumNous/new-api/service/token_counter.go:326.2,326.56 1 0
github.com/QuantumNous/new-api/service/token_counter.go:326.56,328.3 1 0
github.com/QuantumNous/new-api/service/token_counter.go:330.2,330.34 1 0
github.com/QuantumNous/new-api/service/token_counter.go:330.34,331.49 1 0
github.com/QuantumNous/new-api/service/token_counter.go:331.49,332.24 1 0
github.com/QuantumNous/new-api/service/token_counter.go:332.24,334.19 2 0
github.com/QuantumNous/new-api/service/token_counter.go:334.19,336.6 1 0
github.com/QuantumNous/new-api/service/token_counter.go:337.5,337.46 1 0
github.com/QuantumNous/new-api/service/token_counter.go:337.46,339.6 1 0
github.com/QuantumNous/new-api/service/token_counter.go:339.11,339.53 1 0
github.com/QuantumNous/new-api/service/token_counter.go:339.53,341.6 1 0
github.com/QuantumNous/new-api/service/token_counter.go:341.11,341.53 1 0
github.com/QuantumNous/new-api/service/token_counter.go:341.53,343.6 1 0
github.com/QuantumNous/new-api/service/token_counter.go:343.11,345.6 1 0
github.com/QuantumNous/new-api/service/token_counter.go:346.5,346.29 1 0
github.com/QuantumNous/new-api/service/token_counter.go:348.9,348.57 1 0
github.com/QuantumNous/new-api/service/token_counter.go:348.57,351.23 2 0
github.com/QuantumNous/new-api/service/token_counter.go:351.23,354.71 2 0
github.com/QuantumNous/new-api/service/token_counter.go:354.71,357.29 3 0
github.com/QuantumNous/new-api/service/token_counter.go:357.29,359.48 2 0
github.com/QuantumNous/new-api/service/token_counter.go:359.48,361.8 1 0
github.com/QuantumNous/new-api/service/token_counter.go:361.13,361.55 1 0
github.com/QuantumNous/new-api/service/token_counter.go:361.55,363.8 1 0
github.com/QuantumNous/new-api/service/token_counter.go:363.13,363.55 1 0
github.com/QuantumNous/new-api/service/token_counter.go:363.55,365.8 1 0
github.com/QuantumNous/new-api/service/token_counter.go:365.13,367.8 1 0
github.com/QuantumNous/new-api/service/token_counter.go:368.7,368.31 1 0
github.com/QuantumNous/new-api/service/token_counter.go:375.2,375.34 1 0
github.com/QuantumNous/new-api/service/token_counter.go:375.34,376.24 1 0
github.com/QuantumNous/new-api/service/token_counter.go:377.28,378.51 1 0
github.com/QuantumNous/new-api/service/token_counter.go:378.51,380.5 1 0
github.com/QuantumNous/new-api/service/token_counter.go:380.10,382.19 2 0
github.com/QuantumNous/new-api/service/token_counter.go:382.19,384.6 1 0
github.com/QuantumNous/new-api/service/token_counter.go:385.5,385.17 1 0
github.com/QuantumNous/new-api/service/token_counter.go:387.28,388.14 1 0
github.com/QuantumNous/new-api/service/token_counter.go:389.28,390.19 1 0
github.com/QuantumNous/new-api/service/token_counter.go:391.27,392.15 1 0
github.com/QuantumNous/new-api/service/token_counter.go:393.11,394.15 1 0
github.com/QuantumNous/new-api/service/token_counter.go:398.2,399.17 2 0
github.com/QuantumNous/new-api/service/token_counter.go:402.84,407.16 3 0
github.com/QuantumNous/new-api/service/token_counter.go:407.16,409.3 1 0
github.com/QuantumNous/new-api/service/token_counter.go:410.2,413.26 2 0
github.com/QuantumNous/new-api/service/token_counter.go:413.26,416.3 2 0
github.com/QuantumNous/new-api/service/token_counter.go:418.2,418.26 1 0
github.com/QuantumNous/new-api/service/token_counter.go:418.26,420.45 1 0
github.com/QuantumNous/new-api/service/token_counter.go:420.45,421.22 1 0
github.com/QuantumNous/new-api/service/token_counter.go:421.22,423.20 2 0
github.com/QuantumNous/new-api/service/token_counter.go:423.20,425.6 1 0
github.com/QuantumNous/new-api/service/token_counter.go:426.5,427.20 2 0
github.com/QuantumNous/new-api/service/token_counter.go:427.20,429.6 1 0
github.com/QuantumNous/new-api/service/token_counter.go:430.5,430.22 1 0
github.com/QuantumNous/new-api/service/token_counter.go:432.9,434.4 1 0
github.com/QuantumNous/new-api/service/token_counter.go:437.2,437.17 1 0
github.com/QuantumNous/new-api/service/token_counter.go:440.101,444.35 3 0
github.com/QuantumNous/new-api/service/token_counter.go:444.35,447.32 2 0
github.com/QuantumNous/new-api/service/token_counter.go:447.32,449.4 1 0
github.com/QuantumNous/new-api/service/token_counter.go:449.9,451.18 2 0
github.com/QuantumNous/new-api/service/token_counter.go:451.18,453.5 1 0
github.com/QuantumNous/new-api/service/token_counter.go:454.4,454.41 1 0
github.com/QuantumNous/new-api/service/token_counter.go:454.41,455.30 1 0
github.com/QuantumNous/new-api/service/token_counter.go:456.17,457.67 1 0
github.com/QuantumNous/new-api/service/token_counter.go:458.18,463.22 1 0
github.com/QuantumNous/new-api/service/token_counter.go:464.21,465.35 1 0
github.com/QuantumNous/new-api/service/token_counter.go:465.35,469.7 3 0
github.com/QuantumNous/new-api/service/token_counter.go:470.24,471.37 1 0
github.com/QuantumNous/new-api/service/token_counter.go:471.37,474.7 2 0
github.com/QuantumNous/new-api/service/token_counter.go:481.2,483.22 2 0
github.com/QuantumNous/new-api/service/token_counter.go:486.73,490.29 3 0
github.com/QuantumNous/new-api/service/token_counter.go:490.29,495.17 4 0
github.com/QuantumNous/new-api/service/token_counter.go:495.17,497.4 1 0
github.com/QuantumNous/new-api/service/token_counter.go:498.3,498.60 1 0
github.com/QuantumNous/new-api/service/token_counter.go:502.2,504.22 2 0
github.com/QuantumNous/new-api/service/token_counter.go:507.113,510.22 3 0
github.com/QuantumNous/new-api/service/token_counter.go:511.42,512.29 1 0
github.com/QuantumNous/new-api/service/token_counter.go:512.29,515.4 2 0
github.com/QuantumNous/new-api/service/token_counter.go:516.43,519.17 2 0
github.com/QuantumNous/new-api/service/token_counter.go:519.17,521.4 1 0
github.com/QuantumNous/new-api/service/token_counter.go:522.3,522.20 1 0
github.com/QuantumNous/new-api/service/token_counter.go:523.109,526.19 2 0
github.com/QuantumNous/new-api/service/token_counter.go:527.47,530.17 2 0
github.com/QuantumNous/new-api/service/token_counter.go:530.17,532.4 1 0
github.com/QuantumNous/new-api/service/token_counter.go:533.3,533.20 1 0
github.com/QuantumNous/new-api/service/token_counter.go:534.48,535.26 1 0
github.com/QuantumNous/new-api/service/token_counter.go:535.26,536.29 1 0
github.com/QuantumNous/new-api/service/token_counter.go:537.19,538.50 1 0
github.com/QuantumNous/new-api/service/token_counter.go:538.50,539.38 1 0
github.com/QuantumNous/new-api/service/token_counter.go:539.38,542.7 2 0
github.com/QuantumNous/new-api/service/token_counter.go:546.41,548.27 1 0
github.com/QuantumNous/new-api/service/token_counter.go:548.27,549.64 1 0
github.com/QuantumNous/new-api/service/token_counter.go:549.64,550.45 1 0
github.com/QuantumNous/new-api/service/token_counter.go:550.45,554.6 3 0
github.com/QuantumNous/new-api/service/token_counter.go:558.2,558.35 1 0
github.com/QuantumNous/new-api/service/token_counter.go:561.51,562.27 1 0
github.com/QuantumNous/new-api/service/token_counter.go:563.14,564.34 1 0
github.com/QuantumNous/new-api/service/token_counter.go:565.16,567.23 2 0
github.com/QuantumNous/new-api/service/token_counter.go:567.23,569.4 1 0
github.com/QuantumNous/new-api/service/token_counter.go:570.3,570.37 1 0
github.com/QuantumNous/new-api/service/token_counter.go:571.21,573.26 2 0
github.com/QuantumNous/new-api/service/token_counter.go:573.26,575.4 1 0
github.com/QuantumNous/new-api/service/token_counter.go:576.3,576.37 1 0
github.com/QuantumNous/new-api/service/token_counter.go:578.2,578.57 1 0
github.com/QuantumNous/new-api/service/token_counter.go:581.100,583.35 2 0
github.com/QuantumNous/new-api/service/token_counter.go:583.35,586.37 3 0
github.com/QuantumNous/new-api/service/token_counter.go:586.37,587.49 1 0
github.com/QuantumNous/new-api/service/token_counter.go:587.49,592.5 4 0
github.com/QuantumNous/new-api/service/token_counter.go:595.2,595.15 1 0
github.com/QuantumNous/new-api/service/token_counter.go:598.51,599.37 1 0
github.com/QuantumNous/new-api/service/token_counter.go:599.37,601.3 1 0
github.com/QuantumNous/new-api/service/token_counter.go:601.8,603.3 1 0
github.com/QuantumNous/new-api/service/token_counter.go:606.80,607.23 1 0
github.com/QuantumNous/new-api/service/token_counter.go:607.23,609.3 1 0
github.com/QuantumNous/new-api/service/token_counter.go:610.2,611.16 2 0
github.com/QuantumNous/new-api/service/token_counter.go:611.16,613.3 1 0
github.com/QuantumNous/new-api/service/token_counter.go:614.2,614.45 1 0
github.com/QuantumNous/new-api/service/token_counter.go:617.81,618.23 1 0
github.com/QuantumNous/new-api/service/token_counter.go:618.23,620.3 1 0
github.com/QuantumNous/new-api/service/token_counter.go:621.2,622.16 2 0
github.com/QuantumNous/new-api/service/token_counter.go:622.16,624.3 1 0
github.com/QuantumNous/new-api/service/token_counter.go:625.2,625.45 1 0
github.com/QuantumNous/new-api/service/token_counter.go:635.52,636.16 1 0
github.com/QuantumNous/new-api/service/token_counter.go:636.16,638.3 1 0
github.com/QuantumNous/new-api/service/token_counter.go:639.2,640.40 2 0
github.com/QuantumNous/new-api/service/usage_helpr.go:22.108,30.2 7 0
github.com/QuantumNous/new-api/service/usage_helpr.go:32.40,34.2 1 0
github.com/QuantumNous/new-api/service/user_notify.go:17.63,20.16 3 0
github.com/QuantumNous/new-api/service/user_notify.go:20.16,22.3 1 0
github.com/QuantumNous/new-api/service/user_notify.go:25.99,27.22 2 0
github.com/QuantumNous/new-api/service/user_notify.go:27.22,29.3 1 0
github.com/QuantumNous/new-api/service/user_notify.go:32.2,33.16 2 0
github.com/QuantumNous/new-api/service/user_notify.go:33.16,36.3 2 0
github.com/QuantumNous/new-api/service/user_notify.go:37.2,37.14 1 0
github.com/QuantumNous/new-api/service/user_notify.go:37.14,39.3 1 0
github.com/QuantumNous/new-api/service/user_notify.go:41.2,41.20 1 0
github.com/QuantumNous/new-api/service/user_notify.go:42.27,45.23 2 0
github.com/QuantumNous/new-api/service/user_notify.go:45.23,47.4 1 0
github.com/QuantumNous/new-api/service/user_notify.go:48.3,48.23 1 0
github.com/QuantumNous/new-api/service/user_notify.go:48.23,51.4 2 0
github.com/QuantumNous/new-api/service/user_notify.go:52.3,52.43 1 0
github.com/QuantumNous/new-api/service/user_notify.go:53.29,55.26 2 0
github.com/QuantumNous/new-api/service/user_notify.go:55.26,58.4 2 0
github.com/QuantumNous/new-api/service/user_notify.go:61.3,62.63 2 0
github.com/QuantumNous/new-api/service/user_notify.go:63.26,65.20 2 0
github.com/QuantumNous/new-api/service/user_notify.go:65.20,68.4 2 0
github.com/QuantumNous/new-api/service/user_notify.go:69.3,69.39 1 0
github.com/QuantumNous/new-api/service/user_notify.go:70.28,73.43 3 0
github.com/QuantumNous/new-api/service/user_notify.go:73.43,76.4 2 0
github.com/QuantumNous/new-api/service/user_notify.go:77.3,77.84 1 0
github.com/QuantumNous/new-api/service/user_notify.go:79.2,79.12 1 0
github.com/QuantumNous/new-api/service/user_notify.go:82.63,86.36 2 0
github.com/QuantumNous/new-api/service/user_notify.go:86.36,88.3 1 0
github.com/QuantumNous/new-api/service/user_notify.go:89.2,89.57 1 0
github.com/QuantumNous/new-api/service/user_notify.go:92.60,95.36 2 0
github.com/QuantumNous/new-api/service/user_notify.go:95.36,97.3 1 0
github.com/QuantumNous/new-api/service/user_notify.go:100.2,108.35 6 0
github.com/QuantumNous/new-api/service/user_notify.go:108.35,120.17 3 0
github.com/QuantumNous/new-api/service/user_notify.go:120.17,122.4 1 0
github.com/QuantumNous/new-api/service/user_notify.go:123.3,126.54 2 0
github.com/QuantumNous/new-api/service/user_notify.go:126.54,128.4 1 0
github.com/QuantumNous/new-api/service/user_notify.go:129.8,132.302 2 0
github.com/QuantumNous/new-api/service/user_notify.go:132.302,134.4 1 0
github.com/QuantumNous/new-api/service/user_notify.go:137.3,138.17 2 0
github.com/QuantumNous/new-api/service/user_notify.go:138.17,140.4 1 0
github.com/QuantumNous/new-api/service/user_notify.go:143.3,148.17 4 0
github.com/QuantumNous/new-api/service/user_notify.go:148.17,150.4 1 0
github.com/QuantumNous/new-api/service/user_notify.go:151.3,154.54 2 0
github.com/QuantumNous/new-api/service/user_notify.go:154.54,156.4 1 0
github.com/QuantumNous/new-api/service/user_notify.go:159.2,159.12 1 0
github.com/QuantumNous/new-api/service/user_notify.go:162.98,165.36 2 0
github.com/QuantumNous/new-api/service/user_notify.go:165.36,167.3 1 0
github.com/QuantumNous/new-api/service/user_notify.go:171.2,174.35 2 0
github.com/QuantumNous/new-api/service/user_notify.go:174.35,176.3 1 0
github.com/QuantumNous/new-api/service/user_notify.go:179.2,193.16 4 0
github.com/QuantumNous/new-api/service/user_notify.go:193.16,195.3 1 0
github.com/QuantumNous/new-api/service/user_notify.go:197.2,200.35 3 0
github.com/QuantumNous/new-api/service/user_notify.go:200.35,214.17 3 0
github.com/QuantumNous/new-api/service/user_notify.go:214.17,216.4 1 0
github.com/QuantumNous/new-api/service/user_notify.go:217.3,220.54 2 0
github.com/QuantumNous/new-api/service/user_notify.go:220.54,222.4 1 0
github.com/QuantumNous/new-api/service/user_notify.go:223.8,226.302 2 0
github.com/QuantumNous/new-api/service/user_notify.go:226.302,228.4 1 0
github.com/QuantumNous/new-api/service/user_notify.go:231.3,232.17 2 0
github.com/QuantumNous/new-api/service/user_notify.go:232.17,234.4 1 0
github.com/QuantumNous/new-api/service/user_notify.go:237.3,243.17 5 0
github.com/QuantumNous/new-api/service/user_notify.go:243.17,245.4 1 0
github.com/QuantumNous/new-api/service/user_notify.go:246.3,249.54 2 0
github.com/QuantumNous/new-api/service/user_notify.go:249.54,251.4 1 0
github.com/QuantumNous/new-api/service/user_notify.go:254.2,254.12 1 0
github.com/QuantumNous/new-api/service/webhook.go:28.62,32.2 3 0
github.com/QuantumNous/new-api/service/webhook.go:35.81,38.36 2 0
github.com/QuantumNous/new-api/service/webhook.go:38.36,40.3 1 0
github.com/QuantumNous/new-api/service/webhook.go:43.2,53.16 3 0
github.com/QuantumNous/new-api/service/webhook.go:53.16,55.3 1 0
github.com/QuantumNous/new-api/service/webhook.go:58.2,61.35 3 0
github.com/QuantumNous/new-api/service/webhook.go:61.35,74.19 2 0
github.com/QuantumNous/new-api/service/webhook.go:74.19,78.4 3 0
github.com/QuantumNous/new-api/service/webhook.go:80.3,81.17 2 0
github.com/QuantumNous/new-api/service/webhook.go:81.17,83.4 1 0
github.com/QuantumNous/new-api/service/webhook.go:84.3,87.54 2 0
github.com/QuantumNous/new-api/service/webhook.go:87.54,89.4 1 0
github.com/QuantumNous/new-api/service/webhook.go:90.8,93.304 2 0
github.com/QuantumNous/new-api/service/webhook.go:93.304,95.4 1 0
github.com/QuantumNous/new-api/service/webhook.go:97.3,98.17 2 0
github.com/QuantumNous/new-api/service/webhook.go:98.17,100.4 1 0
github.com/QuantumNous/new-api/service/webhook.go:103.3,106.19 2 0
github.com/QuantumNous/new-api/service/webhook.go:106.19,109.4 2 0
github.com/QuantumNous/new-api/service/webhook.go:112.3,114.17 3 0
github.com/QuantumNous/new-api/service/webhook.go:114.17,116.4 1 0
github.com/QuantumNous/new-api/service/webhook.go:117.3,120.54 2 0
github.com/QuantumNous/new-api/service/webhook.go:120.54,122.4 1 0
github.com/QuantumNous/new-api/service/webhook.go:125.2,125.12 1 0
